[2015-04-14 00:51:38] production.ERROR: exception 'ErrorException' with message 'rmdir(/Applications/MAMP/htdocs/laravel/31/source/protected/app/views/customer): No such file or directory' in /Applications/MAMP/htdocs/laravel/31/source/protected/app/controllers/ModuleController.php:228
Stack trace:
#0 [internal function]: Illuminate\Exception\Handler->handleError(2, 'rmdir(/Applicat...', '/Applications/M...', 228, Array)
#1 /Applications/MAMP/htdocs/laravel/31/source/protected/app/controllers/ModuleController.php(228): rmdir('/Applications/M...')
#2 /Applications/MAMP/htdocs/laravel/31/source/protected/app/controllers/ModuleController.php(208): ModuleController->removeDir('/Applications/M...')
#3 [internal function]: ModuleController->getDestroy('26')
#4 /Applications/MAMP/htdocs/laravel/31/source/protected/vendor/laravel/framework/src/Illuminate/Routing/Controller.php(231): call_user_func_array(Array, Array)
#5 /Applications/MAMP/htdocs/laravel/31/source/protected/vendor/laravel/framework/src/Illuminate/Routing/ControllerDispatcher.php(93): Illuminate\Routing\Controller->callAction('getDestroy', Array)
#6 /Applications/MAMP/htdocs/laravel/31/source/protected/vendor/laravel/framework/src/Illuminate/Routing/ControllerDispatcher.php(62): Illuminate\Routing\ControllerDispatcher->call(Object(ModuleController), Object(Illuminate\Routing\Route), 'getDestroy')
#7 /Applications/MAMP/htdocs/laravel/31/source/protected/vendor/laravel/framework/src/Illuminate/Routing/Router.php(934): Illuminate\Routing\ControllerDispatcher->dispatch(Object(Illuminate\Routing\Route), Object(Illuminate\Http\Request), 'ModuleControlle...', 'getDestroy')
#8 [internal function]: Illuminate\Routing\Router->Illuminate\Routing\{closure}('26')
#9 /Applications/MAMP/htdocs/laravel/31/source/protected/vendor/laravel/framework/src/Illuminate/Routing/Route.php(104): call_user_func_array(Object(Closure), Array)
#10 /Applications/MAMP/htdocs/laravel/31/source/protected/vendor/laravel/framework/src/Illuminate/Routing/Router.php(1000): Illuminate\Routing\Route->run(Object(Illuminate\Http\Request))
#11 /Applications/MAMP/htdocs/laravel/31/source/protected/vendor/laravel/framework/src/Illuminate/Routing/Router.php(968): Illuminate\Routing\Router->dispatchToRoute(Object(Illuminate\Http\Request))
#12 /Applications/MAMP/htdocs/laravel/31/source/protected/vendor/laravel/framework/src/Illuminate/Foundation/Application.php(738): Illuminate\Routing\Router->dispatch(Object(Illuminate\Http\Request))
#13 /Applications/MAMP/htdocs/laravel/31/source/protected/vendor/laravel/framework/src/Illuminate/Foundation/Application.php(708): Illuminate\Foundation\Application->dispatch(Object(Illuminate\Http\Request))
#14 /Applications/MAMP/htdocs/laravel/31/source/protected/vendor/laravel/framework/src/Illuminate/Http/FrameGuard.php(38): Illuminate\Foundation\Application->handle(Object(Illuminate\Http\Request), 1, true)
#15 /Applications/MAMP/htdocs/laravel/31/source/protected/vendor/laravel/framework/src/Illuminate/Session/Middleware.php(72): Illuminate\Http\FrameGuard->handle(Object(Illuminate\Http\Request), 1, true)
#16 /Applications/MAMP/htdocs/laravel/31/source/protected/vendor/laravel/framework/src/Illuminate/Cookie/Queue.php(47): Illuminate\Session\Middleware->handle(Object(Illuminate\Http\Request), 1, true)
#17 /Applications/MAMP/htdocs/laravel/31/source/protected/vendor/laravel/framework/src/Illuminate/Cookie/Guard.php(51): Illuminate\Cookie\Queue->handle(Object(Illuminate\Http\Request), 1, true)
#18 /Applications/MAMP/htdocs/laravel/31/source/protected/vendor/stack/builder/src/Stack/StackedHttpKernel.php(23): Illuminate\Cookie\Guard->handle(Object(Illuminate\Http\Request), 1, true)
#19 /Applications/MAMP/htdocs/laravel/31/source/protected/vendor/laravel/framework/src/Illuminate/Foundation/Application.php(606): Stack\StackedHttpKernel->handle(Object(Illuminate\Http\Request))
#20 /Applications/MAMP/htdocs/laravel/31/source/index.php(50): Illuminate\Foundation\Application->run()
#21 {main} [] []
[2015-04-29 03:04:15] production.ERROR: exception 'Symfony\Component\HttpKernel\Exception\NotFoundHttpException' in /Applications/MAMP/htdocs/laravel/31/source/protected/vendor/laravel/framework/src/Illuminate/Routing/RouteCollection.php:146
Stack trace:
#0 /Applications/MAMP/htdocs/laravel/31/source/protected/vendor/laravel/framework/src/Illuminate/Routing/Router.php(1021): Illuminate\Routing\RouteCollection->match(Object(Illuminate\Http\Request))
#1 /Applications/MAMP/htdocs/laravel/31/source/protected/vendor/laravel/framework/src/Illuminate/Routing/Router.php(989): Illuminate\Routing\Router->findRoute(Object(Illuminate\Http\Request))
#2 /Applications/MAMP/htdocs/laravel/31/source/protected/vendor/laravel/framework/src/Illuminate/Routing/Router.php(968): Illuminate\Routing\Router->dispatchToRoute(Object(Illuminate\Http\Request))
#3 /Applications/MAMP/htdocs/laravel/31/source/protected/vendor/laravel/framework/src/Illuminate/Foundation/Application.php(738): Illuminate\Routing\Router->dispatch(Object(Illuminate\Http\Request))
#4 /Applications/MAMP/htdocs/laravel/31/source/protected/vendor/laravel/framework/src/Illuminate/Foundation/Application.php(708): Illuminate\Foundation\Application->dispatch(Object(Illuminate\Http\Request))
#5 /Applications/MAMP/htdocs/laravel/31/source/protected/vendor/laravel/framework/src/Illuminate/Http/FrameGuard.php(38): Illuminate\Foundation\Application->handle(Object(Illuminate\Http\Request), 1, true)
#6 /Applications/MAMP/htdocs/laravel/31/source/protected/vendor/laravel/framework/src/Illuminate/Session/Middleware.php(72): Illuminate\Http\FrameGuard->handle(Object(Illuminate\Http\Request), 1, true)
#7 /Applications/MAMP/htdocs/laravel/31/source/protected/vendor/laravel/framework/src/Illuminate/Cookie/Queue.php(47): Illuminate\Session\Middleware->handle(Object(Illuminate\Http\Request), 1, true)
#8 /Applications/MAMP/htdocs/laravel/31/source/protected/vendor/laravel/framework/src/Illuminate/Cookie/Guard.php(51): Illuminate\Cookie\Queue->handle(Object(Illuminate\Http\Request), 1, true)
#9 /Applications/MAMP/htdocs/laravel/31/source/protected/vendor/stack/builder/src/Stack/StackedHttpKernel.php(23): Illuminate\Cookie\Guard->handle(Object(Illuminate\Http\Request), 1, true)
#10 /Applications/MAMP/htdocs/laravel/31/source/protected/vendor/laravel/framework/src/Illuminate/Foundation/Application.php(606): Stack\StackedHttpKernel->handle(Object(Illuminate\Http\Request))
#11 /Applications/MAMP/htdocs/laravel/31/source/index.php(50): Illuminate\Foundation\Application->run()
#12 {main} [] []
[2015-04-29 03:10:25] production.ERROR: exception 'Symfony\Component\HttpKernel\Exception\NotFoundHttpException' in /Applications/MAMP/htdocs/laravel/31/source/protected/vendor/laravel/framework/src/Illuminate/Routing/RouteCollection.php:146
Stack trace:
#0 /Applications/MAMP/htdocs/laravel/31/source/protected/vendor/laravel/framework/src/Illuminate/Routing/Router.php(1021): Illuminate\Routing\RouteCollection->match(Object(Illuminate\Http\Request))
#1 /Applications/MAMP/htdocs/laravel/31/source/protected/vendor/laravel/framework/src/Illuminate/Routing/Router.php(989): Illuminate\Routing\Router->findRoute(Object(Illuminate\Http\Request))
#2 /Applications/MAMP/htdocs/laravel/31/source/protected/vendor/laravel/framework/src/Illuminate/Routing/Router.php(968): Illuminate\Routing\Router->dispatchToRoute(Object(Illuminate\Http\Request))
#3 /Applications/MAMP/htdocs/laravel/31/source/protected/vendor/laravel/framework/src/Illuminate/Foundation/Application.php(738): Illuminate\Routing\Router->dispatch(Object(Illuminate\Http\Request))
#4 /Applications/MAMP/htdocs/laravel/31/source/protected/vendor/laravel/framework/src/Illuminate/Foundation/Application.php(708): Illuminate\Foundation\Application->dispatch(Object(Illuminate\Http\Request))
#5 /Applications/MAMP/htdocs/laravel/31/source/protected/vendor/laravel/framework/src/Illuminate/Http/FrameGuard.php(38): Illuminate\Foundation\Application->handle(Object(Illuminate\Http\Request), 1, true)
#6 /Applications/MAMP/htdocs/laravel/31/source/protected/vendor/laravel/framework/src/Illuminate/Session/Middleware.php(72): Illuminate\Http\FrameGuard->handle(Object(Illuminate\Http\Request), 1, true)
#7 /Applications/MAMP/htdocs/laravel/31/source/protected/vendor/laravel/framework/src/Illuminate/Cookie/Queue.php(47): Illuminate\Session\Middleware->handle(Object(Illuminate\Http\Request), 1, true)
#8 /Applications/MAMP/htdocs/laravel/31/source/protected/vendor/laravel/framework/src/Illuminate/Cookie/Guard.php(51): Illuminate\Cookie\Queue->handle(Object(Illuminate\Http\Request), 1, true)
#9 /Applications/MAMP/htdocs/laravel/31/source/protected/vendor/stack/builder/src/Stack/StackedHttpKernel.php(23): Illuminate\Cookie\Guard->handle(Object(Illuminate\Http\Request), 1, true)
#10 /Applications/MAMP/htdocs/laravel/31/source/protected/vendor/laravel/framework/src/Illuminate/Foundation/Application.php(606): Stack\StackedHttpKernel->handle(Object(Illuminate\Http\Request))
#11 /Applications/MAMP/htdocs/laravel/31/source/index.php(50): Illuminate\Foundation\Application->run()
#12 {main} [] []
[2015-04-29 05:39:03] production.ERROR: exception 'PDOException' with message 'SQLSTATE[HY000] [2002] No such file or directory' in /Applications/MAMP/htdocs/laravel/31/source/protected/vendor/laravel/framework/src/Illuminate/Database/Connectors/Connector.php:47
Stack trace:
#0 /Applications/MAMP/htdocs/laravel/31/source/protected/vendor/laravel/framework/src/Illuminate/Database/Connectors/Connector.php(47): PDO->__construct('mysql:host=loca...', 'root', 'root', Array)
#1 /Applications/MAMP/htdocs/laravel/31/source/protected/vendor/laravel/framework/src/Illuminate/Database/Connectors/MySqlConnector.php(20): Illuminate\Database\Connectors\Connector->createConnection('mysql:host=loca...', Array, Array)
#2 /Applications/MAMP/htdocs/laravel/31/source/protected/vendor/laravel/framework/src/Illuminate/Database/Connectors/ConnectionFactory.php(59): Illuminate\Database\Connectors\MySqlConnector->connect(Array)
#3 /Applications/MAMP/htdocs/laravel/31/source/protected/vendor/laravel/framework/src/Illuminate/Database/Connectors/ConnectionFactory.php(47): Illuminate\Database\Connectors\ConnectionFactory->createSingleConnection(Array)
#4 /Applications/MAMP/htdocs/laravel/31/source/protected/vendor/laravel/framework/src/Illuminate/Database/DatabaseManager.php(127): Illuminate\Database\Connectors\ConnectionFactory->make(Array, 'mysql')
#5 /Applications/MAMP/htdocs/laravel/31/source/protected/vendor/laravel/framework/src/Illuminate/Database/DatabaseManager.php(63): Illuminate\Database\DatabaseManager->makeConnection('mysql')
#6 /Applications/MAMP/htdocs/laravel/31/source/protected/vendor/laravel/framework/src/Illuminate/Database/DatabaseManager.php(243): Illuminate\Database\DatabaseManager->connection()
#7 /Applications/MAMP/htdocs/laravel/31/source/protected/vendor/laravel/framework/src/Illuminate/Support/Facades/Facade.php(208): Illuminate\Database\DatabaseManager->__call('select', Array)
#8 /Applications/MAMP/htdocs/laravel/31/source/protected/vendor/laravel/framework/src/Illuminate/Support/Facades/Facade.php(208): Illuminate\Database\DatabaseManager->select('\r\n\t\tSELECT \r\n\t\t...')
#9 /Applications/MAMP/htdocs/laravel/31/source/protected/app/library/SiteHelpers.php(117): Illuminate\Support\Facades\Facade::__callStatic('select', Array)
#10 /Applications/MAMP/htdocs/laravel/31/source/protected/app/library/SiteHelpers.php(117): Illuminate\Support\Facades\DB::select('\r\n\t\tSELECT \r\n\t\t...')
#11 /Applications/MAMP/htdocs/laravel/31/source/protected/app/library/SiteHelpers.php(7): SiteHelpers::nestedMenu(0, 'top', '1')
#12 /Applications/MAMP/htdocs/laravel/31/source/protected/app/controllers/BaseController.php(14): SiteHelpers::menus()
#13 /Applications/MAMP/htdocs/laravel/31/source/protected/app/controllers/HomeController.php(20): BaseController->__construct()
#14 [internal function]: HomeController->__construct()
#15 /Applications/MAMP/htdocs/laravel/31/source/protected/vendor/laravel/framework/src/Illuminate/Container/Container.php(536): ReflectionClass->newInstanceArgs(Array)
#16 /Applications/MAMP/htdocs/laravel/31/source/protected/vendor/laravel/framework/src/Illuminate/Container/Container.php(425): Illuminate\Container\Container->build('HomeController', Array)
#17 /Applications/MAMP/htdocs/laravel/31/source/protected/vendor/laravel/framework/src/Illuminate/Foundation/Application.php(463): Illuminate\Container\Container->make('HomeController', Array)
#18 /Applications/MAMP/htdocs/laravel/31/source/protected/vendor/laravel/framework/src/Illuminate/Routing/ControllerDispatcher.php(78): Illuminate\Foundation\Application->make('HomeController')
#19 /Applications/MAMP/htdocs/laravel/31/source/protected/vendor/laravel/framework/src/Illuminate/Routing/ControllerDispatcher.php(51): Illuminate\Routing\ControllerDispatcher->makeController('HomeController')
#20 /Applications/MAMP/htdocs/laravel/31/source/protected/vendor/laravel/framework/src/Illuminate/Routing/Router.php(934): Illuminate\Routing\ControllerDispatcher->dispatch(Object(Illuminate\Routing\Route), Object(Illuminate\Http\Request), 'HomeController', 'index')
#21 [internal function]: Illuminate\Routing\Router->Illuminate\Routing\{closure}()
#22 /Applications/MAMP/htdocs/laravel/31/source/protected/vendor/laravel/framework/src/Illuminate/Routing/Route.php(104): call_user_func_array(Object(Closure), Array)
#23 /Applications/MAMP/htdocs/laravel/31/source/protected/vendor/laravel/framework/src/Illuminate/Routing/Router.php(1000): Illuminate\Routing\Route->run(Object(Illuminate\Http\Request))
#24 /Applications/MAMP/htdocs/laravel/31/source/protected/vendor/laravel/framework/src/Illuminate/Routing/Router.php(968): Illuminate\Routing\Router->dispatchToRoute(Object(Illuminate\Http\Request))
#25 /Applications/MAMP/htdocs/laravel/31/source/protected/vendor/laravel/framework/src/Illuminate/Foundation/Application.php(738): Illuminate\Routing\Router->dispatch(Object(Illuminate\Http\Request))
#26 /Applications/MAMP/htdocs/laravel/31/source/protected/vendor/laravel/framework/src/Illuminate/Foundation/Application.php(708): Illuminate\Foundation\Application->dispatch(Object(Illuminate\Http\Request))
#27 /Applications/MAMP/htdocs/laravel/31/source/protected/vendor/laravel/framework/src/Illuminate/Http/FrameGuard.php(38): Illuminate\Foundation\Application->handle(Object(Illuminate\Http\Request), 1, true)
#28 /Applications/MAMP/htdocs/laravel/31/source/protected/vendor/laravel/framework/src/Illuminate/Session/Middleware.php(72): Illuminate\Http\FrameGuard->handle(Object(Illuminate\Http\Request), 1, true)
#29 /Applications/MAMP/htdocs/laravel/31/source/protected/vendor/laravel/framework/src/Illuminate/Cookie/Queue.php(47): Illuminate\Session\Middleware->handle(Object(Illuminate\Http\Request), 1, true)
#30 /Applications/MAMP/htdocs/laravel/31/source/protected/vendor/laravel/framework/src/Illuminate/Cookie/Guard.php(51): Illuminate\Cookie\Queue->handle(Object(Illuminate\Http\Request), 1, true)
#31 /Applications/MAMP/htdocs/laravel/31/source/protected/vendor/stack/builder/src/Stack/StackedHttpKernel.php(23): Illuminate\Cookie\Guard->handle(Object(Illuminate\Http\Request), 1, true)
#32 /Applications/MAMP/htdocs/laravel/31/source/protected/vendor/laravel/framework/src/Illuminate/Foundation/Application.php(606): Stack\StackedHttpKernel->handle(Object(Illuminate\Http\Request))
#33 /Applications/MAMP/htdocs/laravel/31/source/index.php(50): Illuminate\Foundation\Application->run()
#34 {main} [] []
[2015-04-29 05:39:33] production.ERROR: exception 'PDOException' with message 'SQLSTATE[HY000] [2002] No such file or directory' in /Applications/MAMP/htdocs/laravel/31/source/protected/vendor/laravel/framework/src/Illuminate/Database/Connectors/Connector.php:47
Stack trace:
#0 /Applications/MAMP/htdocs/laravel/31/source/protected/vendor/laravel/framework/src/Illuminate/Database/Connectors/Connector.php(47): PDO->__construct('mysql:host=loca...', 'root', 'root', Array)
#1 /Applications/MAMP/htdocs/laravel/31/source/protected/vendor/laravel/framework/src/Illuminate/Database/Connectors/MySqlConnector.php(20): Illuminate\Database\Connectors\Connector->createConnection('mysql:host=loca...', Array, Array)
#2 /Applications/MAMP/htdocs/laravel/31/source/protected/vendor/laravel/framework/src/Illuminate/Database/Connectors/ConnectionFactory.php(59): Illuminate\Database\Connectors\MySqlConnector->connect(Array)
#3 /Applications/MAMP/htdocs/laravel/31/source/protected/vendor/laravel/framework/src/Illuminate/Database/Connectors/ConnectionFactory.php(47): Illuminate\Database\Connectors\ConnectionFactory->createSingleConnection(Array)
#4 /Applications/MAMP/htdocs/laravel/31/source/protected/vendor/laravel/framework/src/Illuminate/Database/DatabaseManager.php(127): Illuminate\Database\Connectors\ConnectionFactory->make(Array, 'mysql')
#5 /Applications/MAMP/htdocs/laravel/31/source/protected/vendor/laravel/framework/src/Illuminate/Database/DatabaseManager.php(63): Illuminate\Database\DatabaseManager->makeConnection('mysql')
#6 /Applications/MAMP/htdocs/laravel/31/source/protected/vendor/laravel/framework/src/Illuminate/Database/DatabaseManager.php(243): Illuminate\Database\DatabaseManager->connection()
#7 /Applications/MAMP/htdocs/laravel/31/source/protected/vendor/laravel/framework/src/Illuminate/Support/Facades/Facade.php(208): Illuminate\Database\DatabaseManager->__call('select', Array)
#8 /Applications/MAMP/htdocs/laravel/31/source/protected/vendor/laravel/framework/src/Illuminate/Support/Facades/Facade.php(208): Illuminate\Database\DatabaseManager->select('\r\n\t\tSELECT \r\n\t\t...')
#9 /Applications/MAMP/htdocs/laravel/31/source/protected/app/library/SiteHelpers.php(117): Illuminate\Support\Facades\Facade::__callStatic('select', Array)
#10 /Applications/MAMP/htdocs/laravel/31/source/protected/app/library/SiteHelpers.php(117): Illuminate\Support\Facades\DB::select('\r\n\t\tSELECT \r\n\t\t...')
#11 /Applications/MAMP/htdocs/laravel/31/source/protected/app/library/SiteHelpers.php(7): SiteHelpers::nestedMenu(0, 'top', '1')
#12 /Applications/MAMP/htdocs/laravel/31/source/protected/app/controllers/BaseController.php(14): SiteHelpers::menus()
#13 /Applications/MAMP/htdocs/laravel/31/source/protected/app/controllers/HomeController.php(20): BaseController->__construct()
#14 [internal function]: HomeController->__construct()
#15 /Applications/MAMP/htdocs/laravel/31/source/protected/vendor/laravel/framework/src/Illuminate/Container/Container.php(536): ReflectionClass->newInstanceArgs(Array)
#16 /Applications/MAMP/htdocs/laravel/31/source/protected/vendor/laravel/framework/src/Illuminate/Container/Container.php(425): Illuminate\Container\Container->build('HomeController', Array)
#17 /Applications/MAMP/htdocs/laravel/31/source/protected/vendor/laravel/framework/src/Illuminate/Foundation/Application.php(463): Illuminate\Container\Container->make('HomeController', Array)
#18 /Applications/MAMP/htdocs/laravel/31/source/protected/vendor/laravel/framework/src/Illuminate/Routing/ControllerDispatcher.php(78): Illuminate\Foundation\Application->make('HomeController')
#19 /Applications/MAMP/htdocs/laravel/31/source/protected/vendor/laravel/framework/src/Illuminate/Routing/ControllerDispatcher.php(51): Illuminate\Routing\ControllerDispatcher->makeController('HomeController')
#20 /Applications/MAMP/htdocs/laravel/31/source/protected/vendor/laravel/framework/src/Illuminate/Routing/Router.php(934): Illuminate\Routing\ControllerDispatcher->dispatch(Object(Illuminate\Routing\Route), Object(Illuminate\Http\Request), 'HomeController', 'index')
#21 [internal function]: Illuminate\Routing\Router->Illuminate\Routing\{closure}()
#22 /Applications/MAMP/htdocs/laravel/31/source/protected/vendor/laravel/framework/src/Illuminate/Routing/Route.php(104): call_user_func_array(Object(Closure), Array)
#23 /Applications/MAMP/htdocs/laravel/31/source/protected/vendor/laravel/framework/src/Illuminate/Routing/Router.php(1000): Illuminate\Routing\Route->run(Object(Illuminate\Http\Request))
#24 /Applications/MAMP/htdocs/laravel/31/source/protected/vendor/laravel/framework/src/Illuminate/Routing/Router.php(968): Illuminate\Routing\Router->dispatchToRoute(Object(Illuminate\Http\Request))
#25 /Applications/MAMP/htdocs/laravel/31/source/protected/vendor/laravel/framework/src/Illuminate/Foundation/Application.php(738): Illuminate\Routing\Router->dispatch(Object(Illuminate\Http\Request))
#26 /Applications/MAMP/htdocs/laravel/31/source/protected/vendor/laravel/framework/src/Illuminate/Foundation/Application.php(708): Illuminate\Foundation\Application->dispatch(Object(Illuminate\Http\Request))
#27 /Applications/MAMP/htdocs/laravel/31/source/protected/vendor/laravel/framework/src/Illuminate/Http/FrameGuard.php(38): Illuminate\Foundation\Application->handle(Object(Illuminate\Http\Request), 1, true)
#28 /Applications/MAMP/htdocs/laravel/31/source/protected/vendor/laravel/framework/src/Illuminate/Session/Middleware.php(72): Illuminate\Http\FrameGuard->handle(Object(Illuminate\Http\Request), 1, true)
#29 /Applications/MAMP/htdocs/laravel/31/source/protected/vendor/laravel/framework/src/Illuminate/Cookie/Queue.php(47): Illuminate\Session\Middleware->handle(Object(Illuminate\Http\Request), 1, true)
#30 /Applications/MAMP/htdocs/laravel/31/source/protected/vendor/laravel/framework/src/Illuminate/Cookie/Guard.php(51): Illuminate\Cookie\Queue->handle(Object(Illuminate\Http\Request), 1, true)
#31 /Applications/MAMP/htdocs/laravel/31/source/protected/vendor/stack/builder/src/Stack/StackedHttpKernel.php(23): Illuminate\Cookie\Guard->handle(Object(Illuminate\Http\Request), 1, true)
#32 /Applications/MAMP/htdocs/laravel/31/source/protected/vendor/laravel/framework/src/Illuminate/Foundation/Application.php(606): Stack\StackedHttpKernel->handle(Object(Illuminate\Http\Request))
#33 /Applications/MAMP/htdocs/laravel/31/source/index.php(50): Illuminate\Foundation\Application->run()
#34 {main} [] []
[2015-04-29 05:40:36] production.ERROR: exception 'PDOException' with message 'SQLSTATE[HY000] [2002] No such file or directory' in /Applications/MAMP/htdocs/laravel/31/source/protected/vendor/laravel/framework/src/Illuminate/Database/Connectors/Connector.php:47
Stack trace:
#0 /Applications/MAMP/htdocs/laravel/31/source/protected/vendor/laravel/framework/src/Illuminate/Database/Connectors/Connector.php(47): PDO->__construct('mysql:host=loca...', 'root', 'root', Array)
#1 /Applications/MAMP/htdocs/laravel/31/source/protected/vendor/laravel/framework/src/Illuminate/Database/Connectors/MySqlConnector.php(20): Illuminate\Database\Connectors\Connector->createConnection('mysql:host=loca...', Array, Array)
#2 /Applications/MAMP/htdocs/laravel/31/source/protected/vendor/laravel/framework/src/Illuminate/Database/Connectors/ConnectionFactory.php(59): Illuminate\Database\Connectors\MySqlConnector->connect(Array)
#3 /Applications/MAMP/htdocs/laravel/31/source/protected/vendor/laravel/framework/src/Illuminate/Database/Connectors/ConnectionFactory.php(47): Illuminate\Database\Connectors\ConnectionFactory->createSingleConnection(Array)
#4 /Applications/MAMP/htdocs/laravel/31/source/protected/vendor/laravel/framework/src/Illuminate/Database/DatabaseManager.php(127): Illuminate\Database\Connectors\ConnectionFactory->make(Array, 'mysql')
#5 /Applications/MAMP/htdocs/laravel/31/source/protected/vendor/laravel/framework/src/Illuminate/Database/DatabaseManager.php(63): Illuminate\Database\DatabaseManager->makeConnection('mysql')
#6 /Applications/MAMP/htdocs/laravel/31/source/protected/vendor/laravel/framework/src/Illuminate/Database/DatabaseManager.php(243): Illuminate\Database\DatabaseManager->connection()
#7 /Applications/MAMP/htdocs/laravel/31/source/protected/vendor/laravel/framework/src/Illuminate/Support/Facades/Facade.php(208): Illuminate\Database\DatabaseManager->__call('select', Array)
#8 /Applications/MAMP/htdocs/laravel/31/source/protected/vendor/laravel/framework/src/Illuminate/Support/Facades/Facade.php(208): Illuminate\Database\DatabaseManager->select('\r\n\t\tSELECT \r\n\t\t...')
#9 /Applications/MAMP/htdocs/laravel/31/source/protected/app/library/SiteHelpers.php(117): Illuminate\Support\Facades\Facade::__callStatic('select', Array)
#10 /Applications/MAMP/htdocs/laravel/31/source/protected/app/library/SiteHelpers.php(117): Illuminate\Support\Facades\DB::select('\r\n\t\tSELECT \r\n\t\t...')
#11 /Applications/MAMP/htdocs/laravel/31/source/protected/app/library/SiteHelpers.php(7): SiteHelpers::nestedMenu(0, 'top', '1')
#12 /Applications/MAMP/htdocs/laravel/31/source/protected/app/controllers/BaseController.php(14): SiteHelpers::menus()
#13 /Applications/MAMP/htdocs/laravel/31/source/protected/app/controllers/HomeController.php(20): BaseController->__construct()
#14 [internal function]: HomeController->__construct()
#15 /Applications/MAMP/htdocs/laravel/31/source/protected/vendor/laravel/framework/src/Illuminate/Container/Container.php(536): ReflectionClass->newInstanceArgs(Array)
#16 /Applications/MAMP/htdocs/laravel/31/source/protected/vendor/laravel/framework/src/Illuminate/Container/Container.php(425): Illuminate\Container\Container->build('HomeController', Array)
#17 /Applications/MAMP/htdocs/laravel/31/source/protected/vendor/laravel/framework/src/Illuminate/Foundation/Application.php(463): Illuminate\Container\Container->make('HomeController', Array)
#18 /Applications/MAMP/htdocs/laravel/31/source/protected/vendor/laravel/framework/src/Illuminate/Routing/ControllerDispatcher.php(78): Illuminate\Foundation\Application->make('HomeController')
#19 /Applications/MAMP/htdocs/laravel/31/source/protected/vendor/laravel/framework/src/Illuminate/Routing/ControllerDispatcher.php(51): Illuminate\Routing\ControllerDispatcher->makeController('HomeController')
#20 /Applications/MAMP/htdocs/laravel/31/source/protected/vendor/laravel/framework/src/Illuminate/Routing/Router.php(934): Illuminate\Routing\ControllerDispatcher->dispatch(Object(Illuminate\Routing\Route), Object(Illuminate\Http\Request), 'HomeController', 'index')
#21 [internal function]: Illuminate\Routing\Router->Illuminate\Routing\{closure}()
#22 /Applications/MAMP/htdocs/laravel/31/source/protected/vendor/laravel/framework/src/Illuminate/Routing/Route.php(104): call_user_func_array(Object(Closure), Array)
#23 /Applications/MAMP/htdocs/laravel/31/source/protected/vendor/laravel/framework/src/Illuminate/Routing/Router.php(1000): Illuminate\Routing\Route->run(Object(Illuminate\Http\Request))
#24 /Applications/MAMP/htdocs/laravel/31/source/protected/vendor/laravel/framework/src/Illuminate/Routing/Router.php(968): Illuminate\Routing\Router->dispatchToRoute(Object(Illuminate\Http\Request))
#25 /Applications/MAMP/htdocs/laravel/31/source/protected/vendor/laravel/framework/src/Illuminate/Foundation/Application.php(738): Illuminate\Routing\Router->dispatch(Object(Illuminate\Http\Request))
#26 /Applications/MAMP/htdocs/laravel/31/source/protected/vendor/laravel/framework/src/Illuminate/Foundation/Application.php(708): Illuminate\Foundation\Application->dispatch(Object(Illuminate\Http\Request))
#27 /Applications/MAMP/htdocs/laravel/31/source/protected/vendor/laravel/framework/src/Illuminate/Http/FrameGuard.php(38): Illuminate\Foundation\Application->handle(Object(Illuminate\Http\Request), 1, true)
#28 /Applications/MAMP/htdocs/laravel/31/source/protected/vendor/laravel/framework/src/Illuminate/Session/Middleware.php(72): Illuminate\Http\FrameGuard->handle(Object(Illuminate\Http\Request), 1, true)
#29 /Applications/MAMP/htdocs/laravel/31/source/protected/vendor/laravel/framework/src/Illuminate/Cookie/Queue.php(47): Illuminate\Session\Middleware->handle(Object(Illuminate\Http\Request), 1, true)
#30 /Applications/MAMP/htdocs/laravel/31/source/protected/vendor/laravel/framework/src/Illuminate/Cookie/Guard.php(51): Illuminate\Cookie\Queue->handle(Object(Illuminate\Http\Request), 1, true)
#31 /Applications/MAMP/htdocs/laravel/31/source/protected/vendor/stack/builder/src/Stack/StackedHttpKernel.php(23): Illuminate\Cookie\Guard->handle(Object(Illuminate\Http\Request), 1, true)
#32 /Applications/MAMP/htdocs/laravel/31/source/protected/vendor/laravel/framework/src/Illuminate/Foundation/Application.php(606): Stack\StackedHttpKernel->handle(Object(Illuminate\Http\Request))
#33 /Applications/MAMP/htdocs/laravel/31/source/index.php(50): Illuminate\Foundation\Application->run()
#34 {main} [] []
[2015-04-29 05:48:52] production.ERROR: exception 'Symfony\Component\HttpKernel\Exception\NotFoundHttpException' in /Applications/MAMP/htdocs/laravel/31/source/protected/vendor/laravel/framework/src/Illuminate/Routing/RouteCollection.php:146
Stack trace:
#0 /Applications/MAMP/htdocs/laravel/31/source/protected/vendor/laravel/framework/src/Illuminate/Routing/Router.php(1021): Illuminate\Routing\RouteCollection->match(Object(Illuminate\Http\Request))
#1 /Applications/MAMP/htdocs/laravel/31/source/protected/vendor/laravel/framework/src/Illuminate/Routing/Router.php(989): Illuminate\Routing\Router->findRoute(Object(Illuminate\Http\Request))
#2 /Applications/MAMP/htdocs/laravel/31/source/protected/vendor/laravel/framework/src/Illuminate/Routing/Router.php(968): Illuminate\Routing\Router->dispatchToRoute(Object(Illuminate\Http\Request))
#3 /Applications/MAMP/htdocs/laravel/31/source/protected/vendor/laravel/framework/src/Illuminate/Foundation/Application.php(738): Illuminate\Routing\Router->dispatch(Object(Illuminate\Http\Request))
#4 /Applications/MAMP/htdocs/laravel/31/source/protected/vendor/laravel/framework/src/Illuminate/Foundation/Application.php(708): Illuminate\Foundation\Application->dispatch(Object(Illuminate\Http\Request))
#5 /Applications/MAMP/htdocs/laravel/31/source/protected/vendor/laravel/framework/src/Illuminate/Http/FrameGuard.php(38): Illuminate\Foundation\Application->handle(Object(Illuminate\Http\Request), 1, true)
#6 /Applications/MAMP/htdocs/laravel/31/source/protected/vendor/laravel/framework/src/Illuminate/Session/Middleware.php(72): Illuminate\Http\FrameGuard->handle(Object(Illuminate\Http\Request), 1, true)
#7 /Applications/MAMP/htdocs/laravel/31/source/protected/vendor/laravel/framework/src/Illuminate/Cookie/Queue.php(47): Illuminate\Session\Middleware->handle(Object(Illuminate\Http\Request), 1, true)
#8 /Applications/MAMP/htdocs/laravel/31/source/protected/vendor/laravel/framework/src/Illuminate/Cookie/Guard.php(51): Illuminate\Cookie\Queue->handle(Object(Illuminate\Http\Request), 1, true)
#9 /Applications/MAMP/htdocs/laravel/31/source/protected/vendor/stack/builder/src/Stack/StackedHttpKernel.php(23): Illuminate\Cookie\Guard->handle(Object(Illuminate\Http\Request), 1, true)
#10 /Applications/MAMP/htdocs/laravel/31/source/protected/vendor/laravel/framework/src/Illuminate/Foundation/Application.php(606): Stack\StackedHttpKernel->handle(Object(Illuminate\Http\Request))
#11 /Applications/MAMP/htdocs/laravel/31/source/index.php(50): Illuminate\Foundation\Application->run()
#12 {main} [] []
[2015-04-29 05:49:36] production.ERROR: exception 'ErrorException' with message 'rmdir(/Applications/MAMP/htdocs/laravel/31/source/protected/app/storage/views): Directory not empty' in /Applications/MAMP/htdocs/laravel/31/source/protected/app/controllers/ConfigController.php:402
Stack trace:
#0 [internal function]: Illuminate\Exception\Handler->handleError(2, 'rmdir(/Applicat...', '/Applications/M...', 402, Array)
#1 /Applications/MAMP/htdocs/laravel/31/source/protected/app/controllers/ConfigController.php(402): rmdir('/Applications/M...')
#2 /Applications/MAMP/htdocs/laravel/31/source/protected/app/controllers/ConfigController.php(388): ConfigController->removeDir('/Applications/M...')
#3 [internal function]: ConfigController->getClearlog()
#4 /Applications/MAMP/htdocs/laravel/31/source/protected/vendor/laravel/framework/src/Illuminate/Routing/Controller.php(231): call_user_func_array(Array, Array)
#5 /Applications/MAMP/htdocs/laravel/31/source/protected/vendor/laravel/framework/src/Illuminate/Routing/ControllerDispatcher.php(93): Illuminate\Routing\Controller->callAction('getClearlog', Array)
#6 /Applications/MAMP/htdocs/laravel/31/source/protected/vendor/laravel/framework/src/Illuminate/Routing/ControllerDispatcher.php(62): Illuminate\Routing\ControllerDispatcher->call(Object(ConfigController), Object(Illuminate\Routing\Route), 'getClearlog')
#7 /Applications/MAMP/htdocs/laravel/31/source/protected/vendor/laravel/framework/src/Illuminate/Routing/Router.php(934): Illuminate\Routing\ControllerDispatcher->dispatch(Object(Illuminate\Routing\Route), Object(Illuminate\Http\Request), 'ConfigControlle...', 'getClearlog')
#8 [internal function]: Illuminate\Routing\Router->Illuminate\Routing\{closure}()
#9 /Applications/MAMP/htdocs/laravel/31/source/protected/vendor/laravel/framework/src/Illuminate/Routing/Route.php(104): call_user_func_array(Object(Closure), Array)
#10 /Applications/MAMP/htdocs/laravel/31/source/protected/vendor/laravel/framework/src/Illuminate/Routing/Router.php(1000): Illuminate\Routing\Route->run(Object(Illuminate\Http\Request))
#11 /Applications/MAMP/htdocs/laravel/31/source/protected/vendor/laravel/framework/src/Illuminate/Routing/Router.php(968): Illuminate\Routing\Router->dispatchToRoute(Object(Illuminate\Http\Request))
#12 /Applications/MAMP/htdocs/laravel/31/source/protected/vendor/laravel/framework/src/Illuminate/Foundation/Application.php(738): Illuminate\Routing\Router->dispatch(Object(Illuminate\Http\Request))
#13 /Applications/MAMP/htdocs/laravel/31/source/protected/vendor/laravel/framework/src/Illuminate/Foundation/Application.php(708): Illuminate\Foundation\Application->dispatch(Object(Illuminate\Http\Request))
#14 /Applications/MAMP/htdocs/laravel/31/source/protected/vendor/laravel/framework/src/Illuminate/Http/FrameGuard.php(38): Illuminate\Foundation\Application->handle(Object(Illuminate\Http\Request), 1, true)
#15 /Applications/MAMP/htdocs/laravel/31/source/protected/vendor/laravel/framework/src/Illuminate/Session/Middleware.php(72): Illuminate\Http\FrameGuard->handle(Object(Illuminate\Http\Request), 1, true)
#16 /Applications/MAMP/htdocs/laravel/31/source/protected/vendor/laravel/framework/src/Illuminate/Cookie/Queue.php(47): Illuminate\Session\Middleware->handle(Object(Illuminate\Http\Request), 1, true)
#17 /Applications/MAMP/htdocs/laravel/31/source/protected/vendor/laravel/framework/src/Illuminate/Cookie/Guard.php(51): Illuminate\Cookie\Queue->handle(Object(Illuminate\Http\Request), 1, true)
#18 /Applications/MAMP/htdocs/laravel/31/source/protected/vendor/stack/builder/src/Stack/StackedHttpKernel.php(23): Illuminate\Cookie\Guard->handle(Object(Illuminate\Http\Request), 1, true)
#19 /Applications/MAMP/htdocs/laravel/31/source/protected/vendor/laravel/framework/src/Illuminate/Foundation/Application.php(606): Stack\StackedHttpKernel->handle(Object(Illuminate\Http\Request))
#20 /Applications/MAMP/htdocs/laravel/31/source/index.php(50): Illuminate\Foundation\Application->run()
#21 {main} [] []
[2015-04-29 05:49:50] production.ERROR: exception 'ErrorException' with message 'rmdir(/Applications/MAMP/htdocs/laravel/31/source/protected/app/storage/views): Directory not empty' in /Applications/MAMP/htdocs/laravel/31/source/protected/app/controllers/ConfigController.php:402
Stack trace:
#0 [internal function]: Illuminate\Exception\Handler->handleError(2, 'rmdir(/Applicat...', '/Applications/M...', 402, Array)
#1 /Applications/MAMP/htdocs/laravel/31/source/protected/app/controllers/ConfigController.php(402): rmdir('/Applications/M...')
#2 /Applications/MAMP/htdocs/laravel/31/source/protected/app/controllers/ConfigController.php(388): ConfigController->removeDir('/Applications/M...')
#3 [internal function]: ConfigController->getClearlog()
#4 /Applications/MAMP/htdocs/laravel/31/source/protected/vendor/laravel/framework/src/Illuminate/Routing/Controller.php(231): call_user_func_array(Array, Array)
#5 /Applications/MAMP/htdocs/laravel/31/source/protected/vendor/laravel/framework/src/Illuminate/Routing/ControllerDispatcher.php(93): Illuminate\Routing\Controller->callAction('getClearlog', Array)
#6 /Applications/MAMP/htdocs/laravel/31/source/protected/vendor/laravel/framework/src/Illuminate/Routing/ControllerDispatcher.php(62): Illuminate\Routing\ControllerDispatcher->call(Object(ConfigController), Object(Illuminate\Routing\Route), 'getClearlog')
#7 /Applications/MAMP/htdocs/laravel/31/source/protected/vendor/laravel/framework/src/Illuminate/Routing/Router.php(934): Illuminate\Routing\ControllerDispatcher->dispatch(Object(Illuminate\Routing\Route), Object(Illuminate\Http\Request), 'ConfigControlle...', 'getClearlog')
#8 [internal function]: Illuminate\Routing\Router->Illuminate\Routing\{closure}()
#9 /Applications/MAMP/htdocs/laravel/31/source/protected/vendor/laravel/framework/src/Illuminate/Routing/Route.php(104): call_user_func_array(Object(Closure), Array)
#10 /Applications/MAMP/htdocs/laravel/31/source/protected/vendor/laravel/framework/src/Illuminate/Routing/Router.php(1000): Illuminate\Routing\Route->run(Object(Illuminate\Http\Request))
#11 /Applications/MAMP/htdocs/laravel/31/source/protected/vendor/laravel/framework/src/Illuminate/Routing/Router.php(968): Illuminate\Routing\Router->dispatchToRoute(Object(Illuminate\Http\Request))
#12 /Applications/MAMP/htdocs/laravel/31/source/protected/vendor/laravel/framework/src/Illuminate/Foundation/Application.php(738): Illuminate\Routing\Router->dispatch(Object(Illuminate\Http\Request))
#13 /Applications/MAMP/htdocs/laravel/31/source/protected/vendor/laravel/framework/src/Illuminate/Foundation/Application.php(708): Illuminate\Foundation\Application->dispatch(Object(Illuminate\Http\Request))
#14 /Applications/MAMP/htdocs/laravel/31/source/protected/vendor/laravel/framework/src/Illuminate/Http/FrameGuard.php(38): Illuminate\Foundation\Application->handle(Object(Illuminate\Http\Request), 1, true)
#15 /Applications/MAMP/htdocs/laravel/31/source/protected/vendor/laravel/framework/src/Illuminate/Session/Middleware.php(72): Illuminate\Http\FrameGuard->handle(Object(Illuminate\Http\Request), 1, true)
#16 /Applications/MAMP/htdocs/laravel/31/source/protected/vendor/laravel/framework/src/Illuminate/Cookie/Queue.php(47): Illuminate\Session\Middleware->handle(Object(Illuminate\Http\Request), 1, true)
#17 /Applications/MAMP/htdocs/laravel/31/source/protected/vendor/laravel/framework/src/Illuminate/Cookie/Guard.php(51): Illuminate\Cookie\Queue->handle(Object(Illuminate\Http\Request), 1, true)
#18 /Applications/MAMP/htdocs/laravel/31/source/protected/vendor/stack/builder/src/Stack/StackedHttpKernel.php(23): Illuminate\Cookie\Guard->handle(Object(Illuminate\Http\Request), 1, true)
#19 /Applications/MAMP/htdocs/laravel/31/source/protected/vendor/laravel/framework/src/Illuminate/Foundation/Application.php(606): Stack\StackedHttpKernel->handle(Object(Illuminate\Http\Request))
#20 /Applications/MAMP/htdocs/laravel/31/source/index.php(50): Illuminate\Foundation\Application->run()
#21 {main} [] []
[2015-04-29 05:50:57] production.ERROR: exception 'ErrorException' with message 'rmdir(/Applications/MAMP/htdocs/laravel/31/source/protected/app/storage/views): Directory not empty' in /Applications/MAMP/htdocs/laravel/31/source/protected/app/controllers/ConfigController.php:402
Stack trace:
#0 [internal function]: Illuminate\Exception\Handler->handleError(2, 'rmdir(/Applicat...', '/Applications/M...', 402, Array)
#1 /Applications/MAMP/htdocs/laravel/31/source/protected/app/controllers/ConfigController.php(402): rmdir('/Applications/M...')
#2 /Applications/MAMP/htdocs/laravel/31/source/protected/app/controllers/ConfigController.php(388): ConfigController->removeDir('/Applications/M...')
#3 [internal function]: ConfigController->getClearlog()
#4 /Applications/MAMP/htdocs/laravel/31/source/protected/vendor/laravel/framework/src/Illuminate/Routing/Controller.php(231): call_user_func_array(Array, Array)
#5 /Applications/MAMP/htdocs/laravel/31/source/protected/vendor/laravel/framework/src/Illuminate/Routing/ControllerDispatcher.php(93): Illuminate\Routing\Controller->callAction('getClearlog', Array)
#6 /Applications/MAMP/htdocs/laravel/31/source/protected/vendor/laravel/framework/src/Illuminate/Routing/ControllerDispatcher.php(62): Illuminate\Routing\ControllerDispatcher->call(Object(ConfigController), Object(Illuminate\Routing\Route), 'getClearlog')
#7 /Applications/MAMP/htdocs/laravel/31/source/protected/vendor/laravel/framework/src/Illuminate/Routing/Router.php(934): Illuminate\Routing\ControllerDispatcher->dispatch(Object(Illuminate\Routing\Route), Object(Illuminate\Http\Request), 'ConfigControlle...', 'getClearlog')
#8 [internal function]: Illuminate\Routing\Router->Illuminate\Routing\{closure}()
#9 /Applications/MAMP/htdocs/laravel/31/source/protected/vendor/laravel/framework/src/Illuminate/Routing/Route.php(104): call_user_func_array(Object(Closure), Array)
#10 /Applications/MAMP/htdocs/laravel/31/source/protected/vendor/laravel/framework/src/Illuminate/Routing/Router.php(1000): Illuminate\Routing\Route->run(Object(Illuminate\Http\Request))
#11 /Applications/MAMP/htdocs/laravel/31/source/protected/vendor/laravel/framework/src/Illuminate/Routing/Router.php(968): Illuminate\Routing\Router->dispatchToRoute(Object(Illuminate\Http\Request))
#12 /Applications/MAMP/htdocs/laravel/31/source/protected/vendor/laravel/framework/src/Illuminate/Foundation/Application.php(738): Illuminate\Routing\Router->dispatch(Object(Illuminate\Http\Request))
#13 /Applications/MAMP/htdocs/laravel/31/source/protected/vendor/laravel/framework/src/Illuminate/Foundation/Application.php(708): Illuminate\Foundation\Application->dispatch(Object(Illuminate\Http\Request))
#14 /Applications/MAMP/htdocs/laravel/31/source/protected/vendor/laravel/framework/src/Illuminate/Http/FrameGuard.php(38): Illuminate\Foundation\Application->handle(Object(Illuminate\Http\Request), 1, true)
#15 /Applications/MAMP/htdocs/laravel/31/source/protected/vendor/laravel/framework/src/Illuminate/Session/Middleware.php(72): Illuminate\Http\FrameGuard->handle(Object(Illuminate\Http\Request), 1, true)
#16 /Applications/MAMP/htdocs/laravel/31/source/protected/vendor/laravel/framework/src/Illuminate/Cookie/Queue.php(47): Illuminate\Session\Middleware->handle(Object(Illuminate\Http\Request), 1, true)
#17 /Applications/MAMP/htdocs/laravel/31/source/protected/vendor/laravel/framework/src/Illuminate/Cookie/Guard.php(51): Illuminate\Cookie\Queue->handle(Object(Illuminate\Http\Request), 1, true)
#18 /Applications/MAMP/htdocs/laravel/31/source/protected/vendor/stack/builder/src/Stack/StackedHttpKernel.php(23): Illuminate\Cookie\Guard->handle(Object(Illuminate\Http\Request), 1, true)
#19 /Applications/MAMP/htdocs/laravel/31/source/protected/vendor/laravel/framework/src/Illuminate/Foundation/Application.php(606): Stack\StackedHttpKernel->handle(Object(Illuminate\Http\Request))
#20 /Applications/MAMP/htdocs/laravel/31/source/index.php(50): Illuminate\Foundation\Application->run()
#21 {main} [] []
[2015-04-29 05:51:12] production.ERROR: exception 'ErrorException' with message 'rmdir(/Applications/MAMP/htdocs/laravel/31/source/protected/app/storage/views): Directory not empty' in /Applications/MAMP/htdocs/laravel/31/source/protected/app/controllers/ConfigController.php:402
Stack trace:
#0 [internal function]: Illuminate\Exception\Handler->handleError(2, 'rmdir(/Applicat...', '/Applications/M...', 402, Array)
#1 /Applications/MAMP/htdocs/laravel/31/source/protected/app/controllers/ConfigController.php(402): rmdir('/Applications/M...')
#2 /Applications/MAMP/htdocs/laravel/31/source/protected/app/controllers/ConfigController.php(388): ConfigController->removeDir('/Applications/M...')
#3 [internal function]: ConfigController->getClearlog()
#4 /Applications/MAMP/htdocs/laravel/31/source/protected/vendor/laravel/framework/src/Illuminate/Routing/Controller.php(231): call_user_func_array(Array, Array)
#5 /Applications/MAMP/htdocs/laravel/31/source/protected/vendor/laravel/framework/src/Illuminate/Routing/ControllerDispatcher.php(93): Illuminate\Routing\Controller->callAction('getClearlog', Array)
#6 /Applications/MAMP/htdocs/laravel/31/source/protected/vendor/laravel/framework/src/Illuminate/Routing/ControllerDispatcher.php(62): Illuminate\Routing\ControllerDispatcher->call(Object(ConfigController), Object(Illuminate\Routing\Route), 'getClearlog')
#7 /Applications/MAMP/htdocs/laravel/31/source/protected/vendor/laravel/framework/src/Illuminate/Routing/Router.php(934): Illuminate\Routing\ControllerDispatcher->dispatch(Object(Illuminate\Routing\Route), Object(Illuminate\Http\Request), 'ConfigControlle...', 'getClearlog')
#8 [internal function]: Illuminate\Routing\Router->Illuminate\Routing\{closure}()
#9 /Applications/MAMP/htdocs/laravel/31/source/protected/vendor/laravel/framework/src/Illuminate/Routing/Route.php(104): call_user_func_array(Object(Closure), Array)
#10 /Applications/MAMP/htdocs/laravel/31/source/protected/vendor/laravel/framework/src/Illuminate/Routing/Router.php(1000): Illuminate\Routing\Route->run(Object(Illuminate\Http\Request))
#11 /Applications/MAMP/htdocs/laravel/31/source/protected/vendor/laravel/framework/src/Illuminate/Routing/Router.php(968): Illuminate\Routing\Router->dispatchToRoute(Object(Illuminate\Http\Request))
#12 /Applications/MAMP/htdocs/laravel/31/source/protected/vendor/laravel/framework/src/Illuminate/Foundation/Application.php(738): Illuminate\Routing\Router->dispatch(Object(Illuminate\Http\Request))
#13 /Applications/MAMP/htdocs/laravel/31/source/protected/vendor/laravel/framework/src/Illuminate/Foundation/Application.php(708): Illuminate\Foundation\Application->dispatch(Object(Illuminate\Http\Request))
#14 /Applications/MAMP/htdocs/laravel/31/source/protected/vendor/laravel/framework/src/Illuminate/Http/FrameGuard.php(38): Illuminate\Foundation\Application->handle(Object(Illuminate\Http\Request), 1, true)
#15 /Applications/MAMP/htdocs/laravel/31/source/protected/vendor/laravel/framework/src/Illuminate/Session/Middleware.php(72): Illuminate\Http\FrameGuard->handle(Object(Illuminate\Http\Request), 1, true)
#16 /Applications/MAMP/htdocs/laravel/31/source/protected/vendor/laravel/framework/src/Illuminate/Cookie/Queue.php(47): Illuminate\Session\Middleware->handle(Object(Illuminate\Http\Request), 1, true)
#17 /Applications/MAMP/htdocs/laravel/31/source/protected/vendor/laravel/framework/src/Illuminate/Cookie/Guard.php(51): Illuminate\Cookie\Queue->handle(Object(Illuminate\Http\Request), 1, true)
#18 /Applications/MAMP/htdocs/laravel/31/source/protected/vendor/stack/builder/src/Stack/StackedHttpKernel.php(23): Illuminate\Cookie\Guard->handle(Object(Illuminate\Http\Request), 1, true)
#19 /Applications/MAMP/htdocs/laravel/31/source/protected/vendor/laravel/framework/src/Illuminate/Foundation/Application.php(606): Stack\StackedHttpKernel->handle(Object(Illuminate\Http\Request))
#20 /Applications/MAMP/htdocs/laravel/31/source/index.php(50): Illuminate\Foundation\Application->run()
#21 {main} [] []
[2015-05-04 21:24:09] production.ERROR: exception 'Illuminate\Database\QueryException' with message 'SQLSTATE[42S02]: Base table or view not found: 1146 Table 'sximo.tb_menu' doesn't exist (SQL: 
		SELECT 
			tb_menu.*
		FROM tb_menu WHERE parent_id ='0' AND active ='1'  AND position ='top'
		GROUP BY tb_menu.menu_id ORDER BY ordering			
		)' in /home/vagrant/sites/sximo.dev/protected/vendor/laravel/framework/src/Illuminate/Database/Connection.php:555
Stack trace:
#0 /home/vagrant/sites/sximo.dev/protected/vendor/laravel/framework/src/Illuminate/Database/Connection.php(283): Illuminate\Database\Connection->run('\r\n\t\tSELECT \r\n\t\t...', Array, Object(Closure))
#1 [internal function]: Illuminate\Database\Connection->select('\r\n\t\tSELECT \r\n\t\t...')
#2 /home/vagrant/sites/sximo.dev/protected/vendor/laravel/framework/src/Illuminate/Database/DatabaseManager.php(243): call_user_func_array(Array, Array)
#3 /home/vagrant/sites/sximo.dev/protected/vendor/laravel/framework/src/Illuminate/Support/Facades/Facade.php(208): Illuminate\Database\DatabaseManager->__call('select', Array)
#4 /home/vagrant/sites/sximo.dev/protected/vendor/laravel/framework/src/Illuminate/Support/Facades/Facade.php(208): Illuminate\Database\DatabaseManager->select('\r\n\t\tSELECT \r\n\t\t...')
#5 /home/vagrant/sites/sximo.dev/protected/app/library/SiteHelpers.php(117): Illuminate\Support\Facades\Facade::__callStatic('select', Array)
#6 /home/vagrant/sites/sximo.dev/protected/app/library/SiteHelpers.php(117): Illuminate\Support\Facades\DB::select('\r\n\t\tSELECT \r\n\t\t...')
#7 /home/vagrant/sites/sximo.dev/protected/app/library/SiteHelpers.php(7): SiteHelpers::nestedMenu(0, 'top', '1')
#8 /home/vagrant/sites/sximo.dev/protected/app/controllers/BaseController.php(14): SiteHelpers::menus()
#9 /home/vagrant/sites/sximo.dev/protected/app/controllers/HomeController.php(20): BaseController->__construct()
#10 [internal function]: HomeController->__construct()
#11 /home/vagrant/sites/sximo.dev/protected/vendor/laravel/framework/src/Illuminate/Container/Container.php(536): ReflectionClass->newInstanceArgs(Array)
#12 /home/vagrant/sites/sximo.dev/protected/vendor/laravel/framework/src/Illuminate/Container/Container.php(425): Illuminate\Container\Container->build('HomeController', Array)
#13 /home/vagrant/sites/sximo.dev/protected/vendor/laravel/framework/src/Illuminate/Foundation/Application.php(463): Illuminate\Container\Container->make('HomeController', Array)
#14 /home/vagrant/sites/sximo.dev/protected/vendor/laravel/framework/src/Illuminate/Routing/ControllerDispatcher.php(78): Illuminate\Foundation\Application->make('HomeController')
#15 /home/vagrant/sites/sximo.dev/protected/vendor/laravel/framework/src/Illuminate/Routing/ControllerDispatcher.php(51): Illuminate\Routing\ControllerDispatcher->makeController('HomeController')
#16 /home/vagrant/sites/sximo.dev/protected/vendor/laravel/framework/src/Illuminate/Routing/Router.php(934): Illuminate\Routing\ControllerDispatcher->dispatch(Object(Illuminate\Routing\Route), Object(Illuminate\Http\Request), 'HomeController', 'index')
#17 [internal function]: Illuminate\Routing\Router->Illuminate\Routing\{closure}()
#18 /home/vagrant/sites/sximo.dev/protected/vendor/laravel/framework/src/Illuminate/Routing/Route.php(104): call_user_func_array(Object(Closure), Array)
#19 /home/vagrant/sites/sximo.dev/protected/vendor/laravel/framework/src/Illuminate/Routing/Router.php(1000): Illuminate\Routing\Route->run(Object(Illuminate\Http\Request))
#20 /home/vagrant/sites/sximo.dev/protected/vendor/laravel/framework/src/Illuminate/Routing/Router.php(968): Illuminate\Routing\Router->dispatchToRoute(Object(Illuminate\Http\Request))
#21 /home/vagrant/sites/sximo.dev/protected/vendor/laravel/framework/src/Illuminate/Foundation/Application.php(738): Illuminate\Routing\Router->dispatch(Object(Illuminate\Http\Request))
#22 /home/vagrant/sites/sximo.dev/protected/vendor/laravel/framework/src/Illuminate/Foundation/Application.php(708): Illuminate\Foundation\Application->dispatch(Object(Illuminate\Http\Request))
#23 /home/vagrant/sites/sximo.dev/protected/vendor/laravel/framework/src/Illuminate/Http/FrameGuard.php(38): Illuminate\Foundation\Application->handle(Object(Illuminate\Http\Request), 1, true)
#24 /home/vagrant/sites/sximo.dev/protected/vendor/laravel/framework/src/Illuminate/Session/Middleware.php(72): Illuminate\Http\FrameGuard->handle(Object(Illuminate\Http\Request), 1, true)
#25 /home/vagrant/sites/sximo.dev/protected/vendor/laravel/framework/src/Illuminate/Cookie/Queue.php(47): Illuminate\Session\Middleware->handle(Object(Illuminate\Http\Request), 1, true)
#26 /home/vagrant/sites/sximo.dev/protected/vendor/laravel/framework/src/Illuminate/Cookie/Guard.php(51): Illuminate\Cookie\Queue->handle(Object(Illuminate\Http\Request), 1, true)
#27 /home/vagrant/sites/sximo.dev/protected/vendor/stack/builder/src/Stack/StackedHttpKernel.php(23): Illuminate\Cookie\Guard->handle(Object(Illuminate\Http\Request), 1, true)
#28 /home/vagrant/sites/sximo.dev/protected/vendor/laravel/framework/src/Illuminate/Foundation/Application.php(606): Stack\StackedHttpKernel->handle(Object(Illuminate\Http\Request))
#29 /home/vagrant/sites/sximo.dev/index.php(50): Illuminate\Foundation\Application->run()
#30 {main} [] []
[2015-05-04 21:40:51] production.ERROR: exception 'Illuminate\Database\QueryException' with message 'SQLSTATE[42S02]: Base table or view not found: 1146 Table 'sximo.tb_users' doesn't exist (SQL: select * from `tb_users` where `id` = 1 limit 1)' in /home/vagrant/sites/sximo.dev/protected/vendor/laravel/framework/src/Illuminate/Database/Connection.php:555
Stack trace:
#0 /home/vagrant/sites/sximo.dev/protected/vendor/laravel/framework/src/Illuminate/Database/Connection.php(283): Illuminate\Database\Connection->run('select * from `...', Array, Object(Closure))
#1 /home/vagrant/sites/sximo.dev/protected/vendor/laravel/framework/src/Illuminate/Database/Query/Builder.php(1291): Illuminate\Database\Connection->select('select * from `...', Array)
#2 /home/vagrant/sites/sximo.dev/protected/vendor/laravel/framework/src/Illuminate/Database/Query/Builder.php(1281): Illuminate\Database\Query\Builder->runSelect()
#3 /home/vagrant/sites/sximo.dev/protected/vendor/laravel/framework/src/Illuminate/Database/Query/Builder.php(1268): Illuminate\Database\Query\Builder->getFresh(Array)
#4 /home/vagrant/sites/sximo.dev/protected/vendor/laravel/framework/src/Illuminate/Database/Eloquent/Builder.php(446): Illuminate\Database\Query\Builder->get(Array)
#5 /home/vagrant/sites/sximo.dev/protected/vendor/laravel/framework/src/Illuminate/Database/Eloquent/Builder.php(137): Illuminate\Database\Eloquent\Builder->getModels(Array)
#6 /home/vagrant/sites/sximo.dev/protected/vendor/laravel/framework/src/Illuminate/Database/Eloquent/Builder.php(111): Illuminate\Database\Eloquent\Builder->get(Array)
#7 /home/vagrant/sites/sximo.dev/protected/vendor/laravel/framework/src/Illuminate/Database/Eloquent/Builder.php(68): Illuminate\Database\Eloquent\Builder->first(Array)
#8 /home/vagrant/sites/sximo.dev/protected/vendor/laravel/framework/src/Illuminate/Auth/EloquentUserProvider.php(42): Illuminate\Database\Eloquent\Builder->find(1)
#9 /home/vagrant/sites/sximo.dev/protected/vendor/laravel/framework/src/Illuminate/Auth/Guard.php(143): Illuminate\Auth\EloquentUserProvider->retrieveById(1)
#10 /home/vagrant/sites/sximo.dev/protected/vendor/laravel/framework/src/Illuminate/Auth/Guard.php(104): Illuminate\Auth\Guard->user()
#11 /home/vagrant/sites/sximo.dev/protected/vendor/laravel/framework/src/Illuminate/Auth/Guard.php(114): Illuminate\Auth\Guard->check()
#12 [internal function]: Illuminate\Auth\Guard->guest()
#13 /home/vagrant/sites/sximo.dev/protected/vendor/laravel/framework/src/Illuminate/Support/Manager.php(131): call_user_func_array(Array, Array)
#14 /home/vagrant/sites/sximo.dev/protected/vendor/laravel/framework/src/Illuminate/Support/Facades/Facade.php(205): Illuminate\Support\Manager->__call('guest', Array)
#15 /home/vagrant/sites/sximo.dev/protected/vendor/laravel/framework/src/Illuminate/Support/Facades/Facade.php(205): Illuminate\Auth\AuthManager->guest()
#16 /home/vagrant/sites/sximo.dev/protected/app/filters.php(38): Illuminate\Support\Facades\Facade::__callStatic('guest', Array)
#17 /home/vagrant/sites/sximo.dev/protected/app/filters.php(38): Illuminate\Support\Facades\Auth::guest()
#18 [internal function]: {closure}(Object(Illuminate\Routing\Route), Object(Illuminate\Http\Request))
#19 /home/vagrant/sites/sximo.dev/protected/vendor/laravel/framework/src/Illuminate/Events/Dispatcher.php(199): call_user_func_array(Object(Closure), Array)
#20 /home/vagrant/sites/sximo.dev/protected/vendor/laravel/framework/src/Illuminate/Events/Dispatcher.php(154): Illuminate\Events\Dispatcher->fire('router.filter: ...', Array, true)
#21 /home/vagrant/sites/sximo.dev/protected/vendor/laravel/framework/src/Illuminate/Routing/Router.php(1399): Illuminate\Events\Dispatcher->until('router.filter: ...', Array)
#22 /home/vagrant/sites/sximo.dev/protected/vendor/laravel/framework/src/Illuminate/Routing/Router.php(1361): Illuminate\Routing\Router->callRouteFilter('auth', Array, Object(Illuminate\Routing\Route), Object(Illuminate\Http\Request))
#23 /home/vagrant/sites/sximo.dev/protected/vendor/laravel/framework/src/Illuminate/Routing/Router.php(1248): Illuminate\Routing\Router->callAttachedBefores(Object(Illuminate\Routing\Route), Object(Illuminate\Http\Request))
#24 /home/vagrant/sites/sximo.dev/protected/vendor/laravel/framework/src/Illuminate/Routing/Router.php(996): Illuminate\Routing\Router->callRouteBefore(Object(Illuminate\Routing\Route), Object(Illuminate\Http\Request))
#25 /home/vagrant/sites/sximo.dev/protected/vendor/laravel/framework/src/Illuminate/Routing/Router.php(968): Illuminate\Routing\Router->dispatchToRoute(Object(Illuminate\Http\Request))
#26 /home/vagrant/sites/sximo.dev/protected/vendor/laravel/framework/src/Illuminate/Foundation/Application.php(738): Illuminate\Routing\Router->dispatch(Object(Illuminate\Http\Request))
#27 /home/vagrant/sites/sximo.dev/protected/vendor/laravel/framework/src/Illuminate/Foundation/Application.php(708): Illuminate\Foundation\Application->dispatch(Object(Illuminate\Http\Request))
#28 /home/vagrant/sites/sximo.dev/protected/vendor/laravel/framework/src/Illuminate/Http/FrameGuard.php(38): Illuminate\Foundation\Application->handle(Object(Illuminate\Http\Request), 1, true)
#29 /home/vagrant/sites/sximo.dev/protected/vendor/laravel/framework/src/Illuminate/Session/Middleware.php(72): Illuminate\Http\FrameGuard->handle(Object(Illuminate\Http\Request), 1, true)
#30 /home/vagrant/sites/sximo.dev/protected/vendor/laravel/framework/src/Illuminate/Cookie/Queue.php(47): Illuminate\Session\Middleware->handle(Object(Illuminate\Http\Request), 1, true)
#31 /home/vagrant/sites/sximo.dev/protected/vendor/laravel/framework/src/Illuminate/Cookie/Guard.php(51): Illuminate\Cookie\Queue->handle(Object(Illuminate\Http\Request), 1, true)
#32 /home/vagrant/sites/sximo.dev/protected/vendor/stack/builder/src/Stack/StackedHttpKernel.php(23): Illuminate\Cookie\Guard->handle(Object(Illuminate\Http\Request), 1, true)
#33 /home/vagrant/sites/sximo.dev/protected/vendor/laravel/framework/src/Illuminate/Foundation/Application.php(606): Stack\StackedHttpKernel->handle(Object(Illuminate\Http\Request))
#34 /home/vagrant/sites/sximo.dev/index.php(50): Illuminate\Foundation\Application->run()
#35 {main} [] []
[2015-05-04 21:40:59] production.ERROR: exception 'Illuminate\Database\QueryException' with message 'SQLSTATE[42S02]: Base table or view not found: 1146 Table 'sximo.tb_menu' doesn't exist (SQL: 
		SELECT 
			tb_menu.*
		FROM tb_menu WHERE parent_id ='0' AND active ='1'  AND position ='top'
		GROUP BY tb_menu.menu_id ORDER BY ordering			
		)' in /home/vagrant/sites/sximo.dev/protected/vendor/laravel/framework/src/Illuminate/Database/Connection.php:555
Stack trace:
#0 /home/vagrant/sites/sximo.dev/protected/vendor/laravel/framework/src/Illuminate/Database/Connection.php(283): Illuminate\Database\Connection->run('\r\n\t\tSELECT \r\n\t\t...', Array, Object(Closure))
#1 [internal function]: Illuminate\Database\Connection->select('\r\n\t\tSELECT \r\n\t\t...')
#2 /home/vagrant/sites/sximo.dev/protected/vendor/laravel/framework/src/Illuminate/Database/DatabaseManager.php(243): call_user_func_array(Array, Array)
#3 /home/vagrant/sites/sximo.dev/protected/vendor/laravel/framework/src/Illuminate/Support/Facades/Facade.php(208): Illuminate\Database\DatabaseManager->__call('select', Array)
#4 /home/vagrant/sites/sximo.dev/protected/vendor/laravel/framework/src/Illuminate/Support/Facades/Facade.php(208): Illuminate\Database\DatabaseManager->select('\r\n\t\tSELECT \r\n\t\t...')
#5 /home/vagrant/sites/sximo.dev/protected/app/library/SiteHelpers.php(117): Illuminate\Support\Facades\Facade::__callStatic('select', Array)
#6 /home/vagrant/sites/sximo.dev/protected/app/library/SiteHelpers.php(117): Illuminate\Support\Facades\DB::select('\r\n\t\tSELECT \r\n\t\t...')
#7 /home/vagrant/sites/sximo.dev/protected/app/library/SiteHelpers.php(7): SiteHelpers::nestedMenu(0, 'top', '1')
#8 /home/vagrant/sites/sximo.dev/protected/app/controllers/BaseController.php(14): SiteHelpers::menus()
#9 /home/vagrant/sites/sximo.dev/protected/app/controllers/HomeController.php(20): BaseController->__construct()
#10 [internal function]: HomeController->__construct()
#11 /home/vagrant/sites/sximo.dev/protected/vendor/laravel/framework/src/Illuminate/Container/Container.php(536): ReflectionClass->newInstanceArgs(Array)
#12 /home/vagrant/sites/sximo.dev/protected/vendor/laravel/framework/src/Illuminate/Container/Container.php(425): Illuminate\Container\Container->build('HomeController', Array)
#13 /home/vagrant/sites/sximo.dev/protected/vendor/laravel/framework/src/Illuminate/Foundation/Application.php(463): Illuminate\Container\Container->make('HomeController', Array)
#14 /home/vagrant/sites/sximo.dev/protected/vendor/laravel/framework/src/Illuminate/Routing/ControllerDispatcher.php(78): Illuminate\Foundation\Application->make('HomeController')
#15 /home/vagrant/sites/sximo.dev/protected/vendor/laravel/framework/src/Illuminate/Routing/ControllerDispatcher.php(51): Illuminate\Routing\ControllerDispatcher->makeController('HomeController')
#16 /home/vagrant/sites/sximo.dev/protected/vendor/laravel/framework/src/Illuminate/Routing/Router.php(934): Illuminate\Routing\ControllerDispatcher->dispatch(Object(Illuminate\Routing\Route), Object(Illuminate\Http\Request), 'HomeController', 'index')
#17 [internal function]: Illuminate\Routing\Router->Illuminate\Routing\{closure}()
#18 /home/vagrant/sites/sximo.dev/protected/vendor/laravel/framework/src/Illuminate/Routing/Route.php(104): call_user_func_array(Object(Closure), Array)
#19 /home/vagrant/sites/sximo.dev/protected/vendor/laravel/framework/src/Illuminate/Routing/Router.php(1000): Illuminate\Routing\Route->run(Object(Illuminate\Http\Request))
#20 /home/vagrant/sites/sximo.dev/protected/vendor/laravel/framework/src/Illuminate/Routing/Router.php(968): Illuminate\Routing\Router->dispatchToRoute(Object(Illuminate\Http\Request))
#21 /home/vagrant/sites/sximo.dev/protected/vendor/laravel/framework/src/Illuminate/Foundation/Application.php(738): Illuminate\Routing\Router->dispatch(Object(Illuminate\Http\Request))
#22 /home/vagrant/sites/sximo.dev/protected/vendor/laravel/framework/src/Illuminate/Foundation/Application.php(708): Illuminate\Foundation\Application->dispatch(Object(Illuminate\Http\Request))
#23 /home/vagrant/sites/sximo.dev/protected/vendor/laravel/framework/src/Illuminate/Http/FrameGuard.php(38): Illuminate\Foundation\Application->handle(Object(Illuminate\Http\Request), 1, true)
#24 /home/vagrant/sites/sximo.dev/protected/vendor/laravel/framework/src/Illuminate/Session/Middleware.php(72): Illuminate\Http\FrameGuard->handle(Object(Illuminate\Http\Request), 1, true)
#25 /home/vagrant/sites/sximo.dev/protected/vendor/laravel/framework/src/Illuminate/Cookie/Queue.php(47): Illuminate\Session\Middleware->handle(Object(Illuminate\Http\Request), 1, true)
#26 /home/vagrant/sites/sximo.dev/protected/vendor/laravel/framework/src/Illuminate/Cookie/Guard.php(51): Illuminate\Cookie\Queue->handle(Object(Illuminate\Http\Request), 1, true)
#27 /home/vagrant/sites/sximo.dev/protected/vendor/stack/builder/src/Stack/StackedHttpKernel.php(23): Illuminate\Cookie\Guard->handle(Object(Illuminate\Http\Request), 1, true)
#28 /home/vagrant/sites/sximo.dev/protected/vendor/laravel/framework/src/Illuminate/Foundation/Application.php(606): Stack\StackedHttpKernel->handle(Object(Illuminate\Http\Request))
#29 /home/vagrant/sites/sximo.dev/index.php(50): Illuminate\Foundation\Application->run()
#30 {main} [] []
[2015-05-04 21:56:19] production.ERROR: exception 'Illuminate\Database\QueryException' with message 'SQLSTATE[42S02]: Base table or view not found: 1146 Table 'sximo.tb_menu' doesn't exist (SQL: 
		SELECT 
			tb_menu.*
		FROM tb_menu WHERE parent_id ='0' AND active ='1'  AND position ='top'
		GROUP BY tb_menu.menu_id ORDER BY ordering			
		)' in /home/vagrant/sites/sximo.dev/protected/vendor/laravel/framework/src/Illuminate/Database/Connection.php:555
Stack trace:
#0 /home/vagrant/sites/sximo.dev/protected/vendor/laravel/framework/src/Illuminate/Database/Connection.php(283): Illuminate\Database\Connection->run('\r\n\t\tSELECT \r\n\t\t...', Array, Object(Closure))
#1 [internal function]: Illuminate\Database\Connection->select('\r\n\t\tSELECT \r\n\t\t...')
#2 /home/vagrant/sites/sximo.dev/protected/vendor/laravel/framework/src/Illuminate/Database/DatabaseManager.php(243): call_user_func_array(Array, Array)
#3 /home/vagrant/sites/sximo.dev/protected/vendor/laravel/framework/src/Illuminate/Support/Facades/Facade.php(208): Illuminate\Database\DatabaseManager->__call('select', Array)
#4 /home/vagrant/sites/sximo.dev/protected/vendor/laravel/framework/src/Illuminate/Support/Facades/Facade.php(208): Illuminate\Database\DatabaseManager->select('\r\n\t\tSELECT \r\n\t\t...')
#5 /home/vagrant/sites/sximo.dev/protected/app/library/SiteHelpers.php(117): Illuminate\Support\Facades\Facade::__callStatic('select', Array)
#6 /home/vagrant/sites/sximo.dev/protected/app/library/SiteHelpers.php(117): Illuminate\Support\Facades\DB::select('\r\n\t\tSELECT \r\n\t\t...')
#7 /home/vagrant/sites/sximo.dev/protected/app/library/SiteHelpers.php(7): SiteHelpers::nestedMenu(0, 'top', '1')
#8 /home/vagrant/sites/sximo.dev/protected/app/controllers/BaseController.php(14): SiteHelpers::menus()
#9 /home/vagrant/sites/sximo.dev/protected/app/controllers/HomeController.php(20): BaseController->__construct()
#10 [internal function]: HomeController->__construct()
#11 /home/vagrant/sites/sximo.dev/protected/vendor/laravel/framework/src/Illuminate/Container/Container.php(536): ReflectionClass->newInstanceArgs(Array)
#12 /home/vagrant/sites/sximo.dev/protected/vendor/laravel/framework/src/Illuminate/Container/Container.php(425): Illuminate\Container\Container->build('HomeController', Array)
#13 /home/vagrant/sites/sximo.dev/protected/vendor/laravel/framework/src/Illuminate/Foundation/Application.php(463): Illuminate\Container\Container->make('HomeController', Array)
#14 /home/vagrant/sites/sximo.dev/protected/vendor/laravel/framework/src/Illuminate/Routing/ControllerDispatcher.php(78): Illuminate\Foundation\Application->make('HomeController')
#15 /home/vagrant/sites/sximo.dev/protected/vendor/laravel/framework/src/Illuminate/Routing/ControllerDispatcher.php(51): Illuminate\Routing\ControllerDispatcher->makeController('HomeController')
#16 /home/vagrant/sites/sximo.dev/protected/vendor/laravel/framework/src/Illuminate/Routing/Router.php(934): Illuminate\Routing\ControllerDispatcher->dispatch(Object(Illuminate\Routing\Route), Object(Illuminate\Http\Request), 'HomeController', 'index')
#17 [internal function]: Illuminate\Routing\Router->Illuminate\Routing\{closure}()
#18 /home/vagrant/sites/sximo.dev/protected/vendor/laravel/framework/src/Illuminate/Routing/Route.php(104): call_user_func_array(Object(Closure), Array)
#19 /home/vagrant/sites/sximo.dev/protected/vendor/laravel/framework/src/Illuminate/Routing/Router.php(1000): Illuminate\Routing\Route->run(Object(Illuminate\Http\Request))
#20 /home/vagrant/sites/sximo.dev/protected/vendor/laravel/framework/src/Illuminate/Routing/Router.php(968): Illuminate\Routing\Router->dispatchToRoute(Object(Illuminate\Http\Request))
#21 /home/vagrant/sites/sximo.dev/protected/vendor/laravel/framework/src/Illuminate/Foundation/Application.php(738): Illuminate\Routing\Router->dispatch(Object(Illuminate\Http\Request))
#22 /home/vagrant/sites/sximo.dev/protected/vendor/laravel/framework/src/Illuminate/Foundation/Application.php(708): Illuminate\Foundation\Application->dispatch(Object(Illuminate\Http\Request))
#23 /home/vagrant/sites/sximo.dev/protected/vendor/laravel/framework/src/Illuminate/Http/FrameGuard.php(38): Illuminate\Foundation\Application->handle(Object(Illuminate\Http\Request), 1, true)
#24 /home/vagrant/sites/sximo.dev/protected/vendor/laravel/framework/src/Illuminate/Session/Middleware.php(72): Illuminate\Http\FrameGuard->handle(Object(Illuminate\Http\Request), 1, true)
#25 /home/vagrant/sites/sximo.dev/protected/vendor/laravel/framework/src/Illuminate/Cookie/Queue.php(47): Illuminate\Session\Middleware->handle(Object(Illuminate\Http\Request), 1, true)
#26 /home/vagrant/sites/sximo.dev/protected/vendor/laravel/framework/src/Illuminate/Cookie/Guard.php(51): Illuminate\Cookie\Queue->handle(Object(Illuminate\Http\Request), 1, true)
#27 /home/vagrant/sites/sximo.dev/protected/vendor/stack/builder/src/Stack/StackedHttpKernel.php(23): Illuminate\Cookie\Guard->handle(Object(Illuminate\Http\Request), 1, true)
#28 /home/vagrant/sites/sximo.dev/protected/vendor/laravel/framework/src/Illuminate/Foundation/Application.php(606): Stack\StackedHttpKernel->handle(Object(Illuminate\Http\Request))
#29 /home/vagrant/sites/sximo.dev/index.php(50): Illuminate\Foundation\Application->run()
#30 {main} [] []
[2015-05-04 21:56:27] production.ERROR: exception 'Illuminate\Database\QueryException' with message 'SQLSTATE[42S02]: Base table or view not found: 1146 Table 'sximo.tb_users' doesn't exist (SQL: select * from `tb_users` where `email` = superadmin@mail.com limit 1)' in /home/vagrant/sites/sximo.dev/protected/vendor/laravel/framework/src/Illuminate/Database/Connection.php:555
Stack trace:
#0 /home/vagrant/sites/sximo.dev/protected/vendor/laravel/framework/src/Illuminate/Database/Connection.php(283): Illuminate\Database\Connection->run('select * from `...', Array, Object(Closure))
#1 /home/vagrant/sites/sximo.dev/protected/vendor/laravel/framework/src/Illuminate/Database/Query/Builder.php(1291): Illuminate\Database\Connection->select('select * from `...', Array)
#2 /home/vagrant/sites/sximo.dev/protected/vendor/laravel/framework/src/Illuminate/Database/Query/Builder.php(1281): Illuminate\Database\Query\Builder->runSelect()
#3 /home/vagrant/sites/sximo.dev/protected/vendor/laravel/framework/src/Illuminate/Database/Query/Builder.php(1268): Illuminate\Database\Query\Builder->getFresh(Array)
#4 /home/vagrant/sites/sximo.dev/protected/vendor/laravel/framework/src/Illuminate/Database/Eloquent/Builder.php(446): Illuminate\Database\Query\Builder->get(Array)
#5 /home/vagrant/sites/sximo.dev/protected/vendor/laravel/framework/src/Illuminate/Database/Eloquent/Builder.php(137): Illuminate\Database\Eloquent\Builder->getModels(Array)
#6 /home/vagrant/sites/sximo.dev/protected/vendor/laravel/framework/src/Illuminate/Database/Eloquent/Builder.php(111): Illuminate\Database\Eloquent\Builder->get(Array)
#7 /home/vagrant/sites/sximo.dev/protected/vendor/laravel/framework/src/Illuminate/Auth/EloquentUserProvider.php(94): Illuminate\Database\Eloquent\Builder->first()
#8 /home/vagrant/sites/sximo.dev/protected/vendor/laravel/framework/src/Illuminate/Auth/Guard.php(346): Illuminate\Auth\EloquentUserProvider->retrieveByCredentials(Array)
#9 [internal function]: Illuminate\Auth\Guard->attempt(Array)
#10 /home/vagrant/sites/sximo.dev/protected/vendor/laravel/framework/src/Illuminate/Support/Manager.php(131): call_user_func_array(Array, Array)
#11 /home/vagrant/sites/sximo.dev/protected/vendor/laravel/framework/src/Illuminate/Support/Facades/Facade.php(208): Illuminate\Support\Manager->__call('attempt', Array)
#12 /home/vagrant/sites/sximo.dev/protected/vendor/laravel/framework/src/Illuminate/Support/Facades/Facade.php(208): Illuminate\Auth\AuthManager->attempt(Array)
#13 /home/vagrant/sites/sximo.dev/protected/app/controllers/UserController.php(143): Illuminate\Support\Facades\Facade::__callStatic('attempt', Array)
#14 /home/vagrant/sites/sximo.dev/protected/app/controllers/UserController.php(143): Illuminate\Support\Facades\Auth::attempt(Array)
#15 [internal function]: UserController->postSignin()
#16 /home/vagrant/sites/sximo.dev/protected/vendor/laravel/framework/src/Illuminate/Routing/Controller.php(231): call_user_func_array(Array, Array)
#17 /home/vagrant/sites/sximo.dev/protected/vendor/laravel/framework/src/Illuminate/Routing/ControllerDispatcher.php(93): Illuminate\Routing\Controller->callAction('postSignin', Array)
#18 /home/vagrant/sites/sximo.dev/protected/vendor/laravel/framework/src/Illuminate/Routing/ControllerDispatcher.php(62): Illuminate\Routing\ControllerDispatcher->call(Object(UserController), Object(Illuminate\Routing\Route), 'postSignin')
#19 /home/vagrant/sites/sximo.dev/protected/vendor/laravel/framework/src/Illuminate/Routing/Router.php(934): Illuminate\Routing\ControllerDispatcher->dispatch(Object(Illuminate\Routing\Route), Object(Illuminate\Http\Request), 'UserController', 'postSignin')
#20 [internal function]: Illuminate\Routing\Router->Illuminate\Routing\{closure}()
#21 /home/vagrant/sites/sximo.dev/protected/vendor/laravel/framework/src/Illuminate/Routing/Route.php(104): call_user_func_array(Object(Closure), Array)
#22 /home/vagrant/sites/sximo.dev/protected/vendor/laravel/framework/src/Illuminate/Routing/Router.php(1000): Illuminate\Routing\Route->run(Object(Illuminate\Http\Request))
#23 /home/vagrant/sites/sximo.dev/protected/vendor/laravel/framework/src/Illuminate/Routing/Router.php(968): Illuminate\Routing\Router->dispatchToRoute(Object(Illuminate\Http\Request))
#24 /home/vagrant/sites/sximo.dev/protected/vendor/laravel/framework/src/Illuminate/Foundation/Application.php(738): Illuminate\Routing\Router->dispatch(Object(Illuminate\Http\Request))
#25 /home/vagrant/sites/sximo.dev/protected/vendor/laravel/framework/src/Illuminate/Foundation/Application.php(708): Illuminate\Foundation\Application->dispatch(Object(Illuminate\Http\Request))
#26 /home/vagrant/sites/sximo.dev/protected/vendor/laravel/framework/src/Illuminate/Http/FrameGuard.php(38): Illuminate\Foundation\Application->handle(Object(Illuminate\Http\Request), 1, true)
#27 /home/vagrant/sites/sximo.dev/protected/vendor/laravel/framework/src/Illuminate/Session/Middleware.php(72): Illuminate\Http\FrameGuard->handle(Object(Illuminate\Http\Request), 1, true)
#28 /home/vagrant/sites/sximo.dev/protected/vendor/laravel/framework/src/Illuminate/Cookie/Queue.php(47): Illuminate\Session\Middleware->handle(Object(Illuminate\Http\Request), 1, true)
#29 /home/vagrant/sites/sximo.dev/protected/vendor/laravel/framework/src/Illuminate/Cookie/Guard.php(51): Illuminate\Cookie\Queue->handle(Object(Illuminate\Http\Request), 1, true)
#30 /home/vagrant/sites/sximo.dev/protected/vendor/stack/builder/src/Stack/StackedHttpKernel.php(23): Illuminate\Cookie\Guard->handle(Object(Illuminate\Http\Request), 1, true)
#31 /home/vagrant/sites/sximo.dev/protected/vendor/laravel/framework/src/Illuminate/Foundation/Application.php(606): Stack\StackedHttpKernel->handle(Object(Illuminate\Http\Request))
#32 /home/vagrant/sites/sximo.dev/index.php(50): Illuminate\Foundation\Application->run()
#33 {main} [] []
[2015-05-04 21:56:58] production.ERROR: exception 'Symfony\Component\HttpKernel\Exception\NotFoundHttpException' with message 'Controller method not found.' in /home/vagrant/sites/sximo.dev/protected/vendor/laravel/framework/src/Illuminate/Routing/Controller.php:254
Stack trace:
#0 [internal function]: Illuminate\Routing\Controller->missingMethod(Array)
#1 /home/vagrant/sites/sximo.dev/protected/vendor/laravel/framework/src/Illuminate/Routing/Controller.php(231): call_user_func_array(Array, Array)
#2 /home/vagrant/sites/sximo.dev/protected/vendor/laravel/framework/src/Illuminate/Routing/ControllerDispatcher.php(93): Illuminate\Routing\Controller->callAction('missingMethod', Array)
#3 /home/vagrant/sites/sximo.dev/protected/vendor/laravel/framework/src/Illuminate/Routing/ControllerDispatcher.php(62): Illuminate\Routing\ControllerDispatcher->call(Object(UserController), Object(Illuminate\Routing\Route), 'missingMethod')
#4 /home/vagrant/sites/sximo.dev/protected/vendor/laravel/framework/src/Illuminate/Routing/Router.php(934): Illuminate\Routing\ControllerDispatcher->dispatch(Object(Illuminate\Routing\Route), Object(Illuminate\Http\Request), 'UserController', 'missingMethod')
#5 [internal function]: Illuminate\Routing\Router->Illuminate\Routing\{closure}(Array)
#6 /home/vagrant/sites/sximo.dev/protected/vendor/laravel/framework/src/Illuminate/Routing/Route.php(104): call_user_func_array(Object(Closure), Array)
#7 /home/vagrant/sites/sximo.dev/protected/vendor/laravel/framework/src/Illuminate/Routing/Router.php(1000): Illuminate\Routing\Route->run(Object(Illuminate\Http\Request))
#8 /home/vagrant/sites/sximo.dev/protected/vendor/laravel/framework/src/Illuminate/Routing/Router.php(968): Illuminate\Routing\Router->dispatchToRoute(Object(Illuminate\Http\Request))
#9 /home/vagrant/sites/sximo.dev/protected/vendor/laravel/framework/src/Illuminate/Foundation/Application.php(738): Illuminate\Routing\Router->dispatch(Object(Illuminate\Http\Request))
#10 /home/vagrant/sites/sximo.dev/protected/vendor/laravel/framework/src/Illuminate/Foundation/Application.php(708): Illuminate\Foundation\Application->dispatch(Object(Illuminate\Http\Request))
#11 /home/vagrant/sites/sximo.dev/protected/vendor/laravel/framework/src/Illuminate/Http/FrameGuard.php(38): Illuminate\Foundation\Application->handle(Object(Illuminate\Http\Request), 1, true)
#12 /home/vagrant/sites/sximo.dev/protected/vendor/laravel/framework/src/Illuminate/Session/Middleware.php(72): Illuminate\Http\FrameGuard->handle(Object(Illuminate\Http\Request), 1, true)
#13 /home/vagrant/sites/sximo.dev/protected/vendor/laravel/framework/src/Illuminate/Cookie/Queue.php(47): Illuminate\Session\Middleware->handle(Object(Illuminate\Http\Request), 1, true)
#14 /home/vagrant/sites/sximo.dev/protected/vendor/laravel/framework/src/Illuminate/Cookie/Guard.php(51): Illuminate\Cookie\Queue->handle(Object(Illuminate\Http\Request), 1, true)
#15 /home/vagrant/sites/sximo.dev/protected/vendor/stack/builder/src/Stack/StackedHttpKernel.php(23): Illuminate\Cookie\Guard->handle(Object(Illuminate\Http\Request), 1, true)
#16 /home/vagrant/sites/sximo.dev/protected/vendor/laravel/framework/src/Illuminate/Foundation/Application.php(606): Stack\StackedHttpKernel->handle(Object(Illuminate\Http\Request))
#17 /home/vagrant/sites/sximo.dev/index.php(50): Illuminate\Foundation\Application->run()
#18 {main} [] []
[2015-05-04 21:57:01] production.ERROR: exception 'Symfony\Component\HttpKernel\Exception\NotFoundHttpException' with message 'Controller method not found.' in /home/vagrant/sites/sximo.dev/protected/vendor/laravel/framework/src/Illuminate/Routing/Controller.php:254
Stack trace:
#0 [internal function]: Illuminate\Routing\Controller->missingMethod(Array)
#1 /home/vagrant/sites/sximo.dev/protected/vendor/laravel/framework/src/Illuminate/Routing/Controller.php(231): call_user_func_array(Array, Array)
#2 /home/vagrant/sites/sximo.dev/protected/vendor/laravel/framework/src/Illuminate/Routing/ControllerDispatcher.php(93): Illuminate\Routing\Controller->callAction('missingMethod', Array)
#3 /home/vagrant/sites/sximo.dev/protected/vendor/laravel/framework/src/Illuminate/Routing/ControllerDispatcher.php(62): Illuminate\Routing\ControllerDispatcher->call(Object(UserController), Object(Illuminate\Routing\Route), 'missingMethod')
#4 /home/vagrant/sites/sximo.dev/protected/vendor/laravel/framework/src/Illuminate/Routing/Router.php(934): Illuminate\Routing\ControllerDispatcher->dispatch(Object(Illuminate\Routing\Route), Object(Illuminate\Http\Request), 'UserController', 'missingMethod')
#5 [internal function]: Illuminate\Routing\Router->Illuminate\Routing\{closure}(Array)
#6 /home/vagrant/sites/sximo.dev/protected/vendor/laravel/framework/src/Illuminate/Routing/Route.php(104): call_user_func_array(Object(Closure), Array)
#7 /home/vagrant/sites/sximo.dev/protected/vendor/laravel/framework/src/Illuminate/Routing/Router.php(1000): Illuminate\Routing\Route->run(Object(Illuminate\Http\Request))
#8 /home/vagrant/sites/sximo.dev/protected/vendor/laravel/framework/src/Illuminate/Routing/Router.php(968): Illuminate\Routing\Router->dispatchToRoute(Object(Illuminate\Http\Request))
#9 /home/vagrant/sites/sximo.dev/protected/vendor/laravel/framework/src/Illuminate/Foundation/Application.php(738): Illuminate\Routing\Router->dispatch(Object(Illuminate\Http\Request))
#10 /home/vagrant/sites/sximo.dev/protected/vendor/laravel/framework/src/Illuminate/Foundation/Application.php(708): Illuminate\Foundation\Application->dispatch(Object(Illuminate\Http\Request))
#11 /home/vagrant/sites/sximo.dev/protected/vendor/laravel/framework/src/Illuminate/Http/FrameGuard.php(38): Illuminate\Foundation\Application->handle(Object(Illuminate\Http\Request), 1, true)
#12 /home/vagrant/sites/sximo.dev/protected/vendor/laravel/framework/src/Illuminate/Session/Middleware.php(72): Illuminate\Http\FrameGuard->handle(Object(Illuminate\Http\Request), 1, true)
#13 /home/vagrant/sites/sximo.dev/protected/vendor/laravel/framework/src/Illuminate/Cookie/Queue.php(47): Illuminate\Session\Middleware->handle(Object(Illuminate\Http\Request), 1, true)
#14 /home/vagrant/sites/sximo.dev/protected/vendor/laravel/framework/src/Illuminate/Cookie/Guard.php(51): Illuminate\Cookie\Queue->handle(Object(Illuminate\Http\Request), 1, true)
#15 /home/vagrant/sites/sximo.dev/protected/vendor/stack/builder/src/Stack/StackedHttpKernel.php(23): Illuminate\Cookie\Guard->handle(Object(Illuminate\Http\Request), 1, true)
#16 /home/vagrant/sites/sximo.dev/protected/vendor/laravel/framework/src/Illuminate/Foundation/Application.php(606): Stack\StackedHttpKernel->handle(Object(Illuminate\Http\Request))
#17 /home/vagrant/sites/sximo.dev/index.php(50): Illuminate\Foundation\Application->run()
#18 {main} [] []
[2015-05-04 21:58:12] production.ERROR: exception 'ReflectionException' with message 'Class RestapiController does not exist' in /home/vagrant/sites/sximo.dev/protected/vendor/laravel/framework/src/Illuminate/Routing/ControllerInspector.php:28
Stack trace:
#0 /home/vagrant/sites/sximo.dev/protected/vendor/laravel/framework/src/Illuminate/Routing/ControllerInspector.php(28): ReflectionClass->__construct('RestapiControll...')
#1 /home/vagrant/sites/sximo.dev/protected/vendor/laravel/framework/src/Illuminate/Routing/Router.php(269): Illuminate\Routing\ControllerInspector->getRoutable('RestapiControll...', 'restapi')
#2 /home/vagrant/sites/sximo.dev/protected/vendor/laravel/framework/src/Illuminate/Support/Facades/Facade.php(211): Illuminate\Routing\Router->controller('restapi', 'RestapiControll...')
#3 /home/vagrant/sites/sximo.dev/protected/app/moduleroutes.php(2): Illuminate\Support\Facades\Facade::__callStatic('controller', Array)
#4 /home/vagrant/sites/sximo.dev/protected/app/moduleroutes.php(2): Illuminate\Support\Facades\Route::controller('restapi', 'RestapiControll...')
#5 /home/vagrant/sites/sximo.dev/protected/app/routes.php(40): include('/home/vagrant/s...')
#6 [internal function]: {closure}(Object(Illuminate\Routing\Router))
#7 /home/vagrant/sites/sximo.dev/protected/vendor/laravel/framework/src/Illuminate/Routing/Router.php(679): call_user_func(Object(Closure), Object(Illuminate\Routing\Router))
#8 /home/vagrant/sites/sximo.dev/protected/vendor/laravel/framework/src/Illuminate/Support/Facades/Facade.php(211): Illuminate\Routing\Router->group(Array, Object(Closure))
#9 /home/vagrant/sites/sximo.dev/protected/app/routes.php(41): Illuminate\Support\Facades\Facade::__callStatic('group', Array)
#10 /home/vagrant/sites/sximo.dev/protected/app/routes.php(41): Illuminate\Support\Facades\Route::group(Array, Object(Closure))
#11 /home/vagrant/sites/sximo.dev/protected/vendor/laravel/framework/src/Illuminate/Foundation/start.php(269): require('/home/vagrant/s...')
#12 [internal function]: {closure}(Object(Illuminate\Foundation\Application))
#13 /home/vagrant/sites/sximo.dev/protected/vendor/laravel/framework/src/Illuminate/Foundation/Application.php(792): call_user_func(Object(Closure), Object(Illuminate\Foundation\Application))
#14 /home/vagrant/sites/sximo.dev/protected/vendor/laravel/framework/src/Illuminate/Foundation/Application.php(569): Illuminate\Foundation\Application->fireAppCallbacks(Array)
#15 /home/vagrant/sites/sximo.dev/protected/vendor/laravel/framework/src/Illuminate/Foundation/Application.php(552): Illuminate\Foundation\Application->bootApplication()
#16 /home/vagrant/sites/sximo.dev/protected/vendor/laravel/framework/src/Illuminate/Foundation/Application.php(706): Illuminate\Foundation\Application->boot()
#17 /home/vagrant/sites/sximo.dev/protected/vendor/laravel/framework/src/Illuminate/Http/FrameGuard.php(38): Illuminate\Foundation\Application->handle(Object(Illuminate\Http\Request), 1, true)
#18 /home/vagrant/sites/sximo.dev/protected/vendor/laravel/framework/src/Illuminate/Session/Middleware.php(72): Illuminate\Http\FrameGuard->handle(Object(Illuminate\Http\Request), 1, true)
#19 /home/vagrant/sites/sximo.dev/protected/vendor/laravel/framework/src/Illuminate/Cookie/Queue.php(47): Illuminate\Session\Middleware->handle(Object(Illuminate\Http\Request), 1, true)
#20 /home/vagrant/sites/sximo.dev/protected/vendor/laravel/framework/src/Illuminate/Cookie/Guard.php(51): Illuminate\Cookie\Queue->handle(Object(Illuminate\Http\Request), 1, true)
#21 /home/vagrant/sites/sximo.dev/protected/vendor/stack/builder/src/Stack/StackedHttpKernel.php(23): Illuminate\Cookie\Guard->handle(Object(Illuminate\Http\Request), 1, true)
#22 /home/vagrant/sites/sximo.dev/protected/vendor/laravel/framework/src/Illuminate/Foundation/Application.php(606): Stack\StackedHttpKernel->handle(Object(Illuminate\Http\Request))
#23 /home/vagrant/sites/sximo.dev/index.php(50): Illuminate\Foundation\Application->run()
#24 {main} [] []
[2015-05-04 21:58:25] production.ERROR: exception 'ErrorException' with message 'Undefined variable: fp' in /home/vagrant/sites/sximo.dev/protected/app/library/SximoHelpers.php:25
Stack trace:
#0 /home/vagrant/sites/sximo.dev/protected/app/library/SximoHelpers.php(25): Illuminate\Exception\Handler->handleError(8, 'Undefined varia...', '/home/vagrant/s...', 25, Array)
#1 /home/vagrant/sites/sximo.dev/protected/app/library/SximoHelpers.php(32): SximoHelpers::get_zip_content('.ain', '')
#2 /home/vagrant/sites/sximo.dev/protected/app/controllers/ModuleController.php(1790): SximoHelpers::cf_unpackage('')
#3 [internal function]: ModuleController->postInstall()
#4 /home/vagrant/sites/sximo.dev/protected/vendor/laravel/framework/src/Illuminate/Routing/Controller.php(231): call_user_func_array(Array, Array)
#5 /home/vagrant/sites/sximo.dev/protected/vendor/laravel/framework/src/Illuminate/Routing/ControllerDispatcher.php(93): Illuminate\Routing\Controller->callAction('postInstall', Array)
#6 /home/vagrant/sites/sximo.dev/protected/vendor/laravel/framework/src/Illuminate/Routing/ControllerDispatcher.php(62): Illuminate\Routing\ControllerDispatcher->call(Object(ModuleController), Object(Illuminate\Routing\Route), 'postInstall')
#7 /home/vagrant/sites/sximo.dev/protected/vendor/laravel/framework/src/Illuminate/Routing/Router.php(934): Illuminate\Routing\ControllerDispatcher->dispatch(Object(Illuminate\Routing\Route), Object(Illuminate\Http\Request), 'ModuleControlle...', 'postInstall')
#8 [internal function]: Illuminate\Routing\Router->Illuminate\Routing\{closure}()
#9 /home/vagrant/sites/sximo.dev/protected/vendor/laravel/framework/src/Illuminate/Routing/Route.php(104): call_user_func_array(Object(Closure), Array)
#10 /home/vagrant/sites/sximo.dev/protected/vendor/laravel/framework/src/Illuminate/Routing/Router.php(1000): Illuminate\Routing\Route->run(Object(Illuminate\Http\Request))
#11 /home/vagrant/sites/sximo.dev/protected/vendor/laravel/framework/src/Illuminate/Routing/Router.php(968): Illuminate\Routing\Router->dispatchToRoute(Object(Illuminate\Http\Request))
#12 /home/vagrant/sites/sximo.dev/protected/vendor/laravel/framework/src/Illuminate/Foundation/Application.php(738): Illuminate\Routing\Router->dispatch(Object(Illuminate\Http\Request))
#13 /home/vagrant/sites/sximo.dev/protected/vendor/laravel/framework/src/Illuminate/Foundation/Application.php(708): Illuminate\Foundation\Application->dispatch(Object(Illuminate\Http\Request))
#14 /home/vagrant/sites/sximo.dev/protected/vendor/laravel/framework/src/Illuminate/Http/FrameGuard.php(38): Illuminate\Foundation\Application->handle(Object(Illuminate\Http\Request), 1, true)
#15 /home/vagrant/sites/sximo.dev/protected/vendor/laravel/framework/src/Illuminate/Session/Middleware.php(72): Illuminate\Http\FrameGuard->handle(Object(Illuminate\Http\Request), 1, true)
#16 /home/vagrant/sites/sximo.dev/protected/vendor/laravel/framework/src/Illuminate/Cookie/Queue.php(47): Illuminate\Session\Middleware->handle(Object(Illuminate\Http\Request), 1, true)
#17 /home/vagrant/sites/sximo.dev/protected/vendor/laravel/framework/src/Illuminate/Cookie/Guard.php(51): Illuminate\Cookie\Queue->handle(Object(Illuminate\Http\Request), 1, true)
#18 /home/vagrant/sites/sximo.dev/protected/vendor/stack/builder/src/Stack/StackedHttpKernel.php(23): Illuminate\Cookie\Guard->handle(Object(Illuminate\Http\Request), 1, true)
#19 /home/vagrant/sites/sximo.dev/protected/vendor/laravel/framework/src/Illuminate/Foundation/Application.php(606): Stack\StackedHttpKernel->handle(Object(Illuminate\Http\Request))
#20 /home/vagrant/sites/sximo.dev/index.php(50): Illuminate\Foundation\Application->run()
#21 {main} [] []
[2015-05-04 22:31:35] production.ERROR: exception 'ErrorException' with message 'rmdir(/home/vagrant/sites/sximo.dev/protected/app/storage/views): Directory not empty' in /home/vagrant/sites/sximo.dev/protected/app/controllers/ConfigController.php:402
Stack trace:
#0 [internal function]: Illuminate\Exception\Handler->handleError(2, 'rmdir(/home/vag...', '/home/vagrant/s...', 402, Array)
#1 /home/vagrant/sites/sximo.dev/protected/app/controllers/ConfigController.php(402): rmdir('/home/vagrant/s...')
#2 /home/vagrant/sites/sximo.dev/protected/app/controllers/ConfigController.php(388): ConfigController->removeDir('/home/vagrant/s...')
#3 [internal function]: ConfigController->getClearlog()
#4 /home/vagrant/sites/sximo.dev/protected/vendor/laravel/framework/src/Illuminate/Routing/Controller.php(231): call_user_func_array(Array, Array)
#5 /home/vagrant/sites/sximo.dev/protected/vendor/laravel/framework/src/Illuminate/Routing/ControllerDispatcher.php(93): Illuminate\Routing\Controller->callAction('getClearlog', Array)
#6 /home/vagrant/sites/sximo.dev/protected/vendor/laravel/framework/src/Illuminate/Routing/ControllerDispatcher.php(62): Illuminate\Routing\ControllerDispatcher->call(Object(ConfigController), Object(Illuminate\Routing\Route), 'getClearlog')
#7 /home/vagrant/sites/sximo.dev/protected/vendor/laravel/framework/src/Illuminate/Routing/Router.php(934): Illuminate\Routing\ControllerDispatcher->dispatch(Object(Illuminate\Routing\Route), Object(Illuminate\Http\Request), 'ConfigControlle...', 'getClearlog')
#8 [internal function]: Illuminate\Routing\Router->Illuminate\Routing\{closure}()
#9 /home/vagrant/sites/sximo.dev/protected/vendor/laravel/framework/src/Illuminate/Routing/Route.php(104): call_user_func_array(Object(Closure), Array)
#10 /home/vagrant/sites/sximo.dev/protected/vendor/laravel/framework/src/Illuminate/Routing/Router.php(1000): Illuminate\Routing\Route->run(Object(Illuminate\Http\Request))
#11 /home/vagrant/sites/sximo.dev/protected/vendor/laravel/framework/src/Illuminate/Routing/Router.php(968): Illuminate\Routing\Router->dispatchToRoute(Object(Illuminate\Http\Request))
#12 /home/vagrant/sites/sximo.dev/protected/vendor/laravel/framework/src/Illuminate/Foundation/Application.php(738): Illuminate\Routing\Router->dispatch(Object(Illuminate\Http\Request))
#13 /home/vagrant/sites/sximo.dev/protected/vendor/laravel/framework/src/Illuminate/Foundation/Application.php(708): Illuminate\Foundation\Application->dispatch(Object(Illuminate\Http\Request))
#14 /home/vagrant/sites/sximo.dev/protected/vendor/laravel/framework/src/Illuminate/Http/FrameGuard.php(38): Illuminate\Foundation\Application->handle(Object(Illuminate\Http\Request), 1, true)
#15 /home/vagrant/sites/sximo.dev/protected/vendor/laravel/framework/src/Illuminate/Session/Middleware.php(72): Illuminate\Http\FrameGuard->handle(Object(Illuminate\Http\Request), 1, true)
#16 /home/vagrant/sites/sximo.dev/protected/vendor/laravel/framework/src/Illuminate/Cookie/Queue.php(47): Illuminate\Session\Middleware->handle(Object(Illuminate\Http\Request), 1, true)
#17 /home/vagrant/sites/sximo.dev/protected/vendor/laravel/framework/src/Illuminate/Cookie/Guard.php(51): Illuminate\Cookie\Queue->handle(Object(Illuminate\Http\Request), 1, true)
#18 /home/vagrant/sites/sximo.dev/protected/vendor/stack/builder/src/Stack/StackedHttpKernel.php(23): Illuminate\Cookie\Guard->handle(Object(Illuminate\Http\Request), 1, true)
#19 /home/vagrant/sites/sximo.dev/protected/vendor/laravel/framework/src/Illuminate/Foundation/Application.php(606): Stack\StackedHttpKernel->handle(Object(Illuminate\Http\Request))
#20 /home/vagrant/sites/sximo.dev/index.php(50): Illuminate\Foundation\Application->run()
#21 {main} [] []
